{"C:\\Users\\Kaz\\Desktop\\springboard-cs\\post\\express-jobly\\app.js": {"path":"C:\\Users\\Kaz\\Desktop\\springboard-cs\\post\\express-jobly\\app.js","statementMap":{"0":{"start":{"line":5,"column":16},"end":{"line":5,"column":34}},"1":{"start":{"line":6,"column":13},"end":{"line":6,"column":28}},"2":{"start":{"line":8,"column":26},"end":{"line":8,"column":51}},"3":{"start":{"line":10,"column":28},"end":{"line":10,"column":56}},"4":{"start":{"line":11,"column":19},"end":{"line":11,"column":43}},"5":{"start":{"line":12,"column":24},"end":{"line":12,"column":53}},"6":{"start":{"line":13,"column":20},"end":{"line":13,"column":45}},"7":{"start":{"line":14,"column":19},"end":{"line":14,"column":43}},"8":{"start":{"line":16,"column":15},"end":{"line":16,"column":32}},"9":{"start":{"line":18,"column":12},"end":{"line":18,"column":21}},"10":{"start":{"line":20,"column":0},"end":{"line":20,"column":16}},"11":{"start":{"line":21,"column":0},"end":{"line":21,"column":24}},"12":{"start":{"line":22,"column":0},"end":{"line":22,"column":24}},"13":{"start":{"line":23,"column":0},"end":{"line":23,"column":25}},"14":{"start":{"line":25,"column":0},"end":{"line":25,"column":29}},"15":{"start":{"line":26,"column":0},"end":{"line":26,"column":39}},"16":{"start":{"line":27,"column":0},"end":{"line":27,"column":31}},"17":{"start":{"line":28,"column":0},"end":{"line":28,"column":29}},"18":{"start":{"line":32,"column":0},"end":{"line":34,"column":3}},"19":{"start":{"line":33,"column":2},"end":{"line":33,"column":35}},"20":{"start":{"line":37,"column":0},"end":{"line":45,"column":3}},"21":{"start":{"line":38,"column":2},"end":{"line":38,"column":64}},"22":{"start":{"line":38,"column":39},"end":{"line":38,"column":64}},"23":{"start":{"line":39,"column":17},"end":{"line":39,"column":34}},"24":{"start":{"line":40,"column":18},"end":{"line":40,"column":29}},"25":{"start":{"line":42,"column":2},"end":{"line":44,"column":5}},"26":{"start":{"line":47,"column":0},"end":{"line":47,"column":21}}},"fnMap":{"0":{"name":"(anonymous_0)","decl":{"start":{"line":32,"column":8},"end":{"line":32,"column":9}},"loc":{"start":{"line":32,"column":34},"end":{"line":34,"column":1}},"line":32},"1":{"name":"(anonymous_1)","decl":{"start":{"line":37,"column":8},"end":{"line":37,"column":9}},"loc":{"start":{"line":37,"column":39},"end":{"line":45,"column":1}},"line":37}},"branchMap":{"0":{"loc":{"start":{"line":38,"column":2},"end":{"line":38,"column":64}},"type":"if","locations":[{"start":{"line":38,"column":2},"end":{"line":38,"column":64}},{"start":{"line":38,"column":2},"end":{"line":38,"column":64}}],"line":38},"1":{"loc":{"start":{"line":39,"column":17},"end":{"line":39,"column":34}},"type":"binary-expr","locations":[{"start":{"line":39,"column":17},"end":{"line":39,"column":27}},{"start":{"line":39,"column":31},"end":{"line":39,"column":34}}],"line":39}},"s":{"0":5,"1":5,"2":5,"3":5,"4":5,"5":5,"6":5,"7":5,"8":5,"9":5,"10":5,"11":5,"12":5,"13":5,"14":5,"15":5,"16":5,"17":5,"18":5,"19":2,"20":5,"21":52,"22":1,"23":52,"24":52,"25":52,"26":5},"f":{"0":2,"1":52},"b":{"0":[1,51],"1":[52,2]},"_coverageSchema":"1a1c01bbd47fc00a2c39e90264f33305004495a9","hash":"9ec31e2d11668d4d2ab01e2afe132e311b9d7c34"}
,"C:\\Users\\Kaz\\Desktop\\springboard-cs\\post\\express-jobly\\config.js": {"path":"C:\\Users\\Kaz\\Desktop\\springboard-cs\\post\\express-jobly\\config.js","statementMap":{"0":{"start":{"line":5,"column":0},"end":{"line":5,"column":27}},"1":{"start":{"line":6,"column":0},"end":{"line":6,"column":18}},"2":{"start":{"line":8,"column":19},"end":{"line":8,"column":57}},"3":{"start":{"line":10,"column":13},"end":{"line":10,"column":38}},"4":{"start":{"line":14,"column":2},"end":{"line":16,"column":44}},"5":{"start":{"line":22,"column":27},"end":{"line":22,"column":67}},"6":{"start":{"line":24,"column":0},"end":{"line":24,"column":35}},"7":{"start":{"line":25,"column":0},"end":{"line":25,"column":46}},"8":{"start":{"line":26,"column":0},"end":{"line":26,"column":45}},"9":{"start":{"line":27,"column":0},"end":{"line":27,"column":61}},"10":{"start":{"line":28,"column":0},"end":{"line":28,"column":50}},"11":{"start":{"line":29,"column":0},"end":{"line":29,"column":19}},"12":{"start":{"line":31,"column":0},"end":{"line":36,"column":2}}},"fnMap":{"0":{"name":"getDatabaseUri","decl":{"start":{"line":13,"column":9},"end":{"line":13,"column":23}},"loc":{"start":{"line":13,"column":26},"end":{"line":17,"column":1}},"line":13}},"branchMap":{"0":{"loc":{"start":{"line":8,"column":19},"end":{"line":8,"column":57}},"type":"binary-expr","locations":[{"start":{"line":8,"column":19},"end":{"line":8,"column":41}},{"start":{"line":8,"column":45},"end":{"line":8,"column":57}}],"line":8},"1":{"loc":{"start":{"line":10,"column":13},"end":{"line":10,"column":38}},"type":"binary-expr","locations":[{"start":{"line":10,"column":13},"end":{"line":10,"column":30}},{"start":{"line":10,"column":34},"end":{"line":10,"column":38}}],"line":10},"2":{"loc":{"start":{"line":14,"column":9},"end":{"line":16,"column":43}},"type":"cond-expr","locations":[{"start":{"line":15,"column":8},"end":{"line":15,"column":20}},{"start":{"line":16,"column":8},"end":{"line":16,"column":43}}],"line":14},"3":{"loc":{"start":{"line":16,"column":8},"end":{"line":16,"column":43}},"type":"binary-expr","locations":[{"start":{"line":16,"column":8},"end":{"line":16,"column":32}},{"start":{"line":16,"column":36},"end":{"line":16,"column":43}}],"line":16},"4":{"loc":{"start":{"line":22,"column":27},"end":{"line":22,"column":67}},"type":"cond-expr","locations":[{"start":{"line":22,"column":61},"end":{"line":22,"column":62}},{"start":{"line":22,"column":65},"end":{"line":22,"column":67}}],"line":22}},"s":{"0":12,"1":12,"2":12,"3":12,"4":24,"5":12,"6":12,"7":12,"8":12,"9":12,"10":12,"11":12,"12":12},"f":{"0":24},"b":{"0":[12,11],"1":[12,11],"2":[21,3],"3":[3,1],"4":[11,1]},"_coverageSchema":"1a1c01bbd47fc00a2c39e90264f33305004495a9","hash":"1d8e7fc47eedc0732b6511c46397eb502a6abd55"}
,"C:\\Users\\Kaz\\Desktop\\springboard-cs\\post\\express-jobly\\db.js": {"path":"C:\\Users\\Kaz\\Desktop\\springboard-cs\\post\\express-jobly\\db.js","statementMap":{"0":{"start":{"line":3,"column":19},"end":{"line":3,"column":32}},"1":{"start":{"line":4,"column":27},"end":{"line":4,"column":46}},"2":{"start":{"line":8,"column":0},"end":{"line":19,"column":1}},"3":{"start":{"line":9,"column":2},"end":{"line":14,"column":5}},"4":{"start":{"line":16,"column":2},"end":{"line":18,"column":5}},"5":{"start":{"line":21,"column":0},"end":{"line":21,"column":13}},"6":{"start":{"line":23,"column":0},"end":{"line":23,"column":20}}},"fnMap":{},"branchMap":{"0":{"loc":{"start":{"line":8,"column":0},"end":{"line":19,"column":1}},"type":"if","locations":[{"start":{"line":8,"column":0},"end":{"line":19,"column":1}},{"start":{"line":8,"column":0},"end":{"line":19,"column":1}}],"line":8}},"s":{"0":9,"1":9,"2":9,"3":0,"4":9,"5":9,"6":9},"f":{},"b":{"0":[0,9]},"_coverageSchema":"1a1c01bbd47fc00a2c39e90264f33305004495a9","hash":"a5a255274fba0f92495e6e032378d80afe625246"}
,"C:\\Users\\Kaz\\Desktop\\springboard-cs\\post\\express-jobly\\expressError.js": {"path":"C:\\Users\\Kaz\\Desktop\\springboard-cs\\post\\express-jobly\\expressError.js","statementMap":{"0":{"start":{"line":9,"column":4},"end":{"line":9,"column":12}},"1":{"start":{"line":10,"column":4},"end":{"line":10,"column":27}},"2":{"start":{"line":11,"column":4},"end":{"line":11,"column":25}},"3":{"start":{"line":19,"column":4},"end":{"line":19,"column":24}},"4":{"start":{"line":27,"column":4},"end":{"line":27,"column":24}},"5":{"start":{"line":35,"column":4},"end":{"line":35,"column":24}},"6":{"start":{"line":43,"column":4},"end":{"line":43,"column":24}},"7":{"start":{"line":47,"column":0},"end":{"line":53,"column":2}}},"fnMap":{"0":{"name":"(anonymous_0)","decl":{"start":{"line":8,"column":2},"end":{"line":8,"column":3}},"loc":{"start":{"line":8,"column":31},"end":{"line":12,"column":3}},"line":8},"1":{"name":"(anonymous_1)","decl":{"start":{"line":18,"column":2},"end":{"line":18,"column":3}},"loc":{"start":{"line":18,"column":37},"end":{"line":20,"column":3}},"line":18},"2":{"name":"(anonymous_2)","decl":{"start":{"line":26,"column":2},"end":{"line":26,"column":3}},"loc":{"start":{"line":26,"column":40},"end":{"line":28,"column":3}},"line":26},"3":{"name":"(anonymous_3)","decl":{"start":{"line":34,"column":2},"end":{"line":34,"column":3}},"loc":{"start":{"line":34,"column":39},"end":{"line":36,"column":3}},"line":34},"4":{"name":"(anonymous_4)","decl":{"start":{"line":42,"column":2},"end":{"line":42,"column":3}},"loc":{"start":{"line":42,"column":39},"end":{"line":44,"column":3}},"line":42}},"branchMap":{"0":{"loc":{"start":{"line":18,"column":14},"end":{"line":18,"column":35}},"type":"default-arg","locations":[{"start":{"line":18,"column":24},"end":{"line":18,"column":35}}],"line":18},"1":{"loc":{"start":{"line":26,"column":14},"end":{"line":26,"column":38}},"type":"default-arg","locations":[{"start":{"line":26,"column":24},"end":{"line":26,"column":38}}],"line":26},"2":{"loc":{"start":{"line":34,"column":14},"end":{"line":34,"column":37}},"type":"default-arg","locations":[{"start":{"line":34,"column":24},"end":{"line":34,"column":37}}],"line":34},"3":{"loc":{"start":{"line":42,"column":14},"end":{"line":42,"column":37}},"type":"default-arg","locations":[{"start":{"line":42,"column":24},"end":{"line":42,"column":37}}],"line":42}},"s":{"0":79,"1":79,"2":79,"3":27,"4":31,"5":20,"6":0,"7":10},"f":{"0":79,"1":27,"2":31,"3":20,"4":0},"b":{"0":[2],"1":[27],"2":[0],"3":[0]},"_coverageSchema":"1a1c01bbd47fc00a2c39e90264f33305004495a9","hash":"292fde906fb74cf0c4ba86f18f2f7e8bf551700e"}
,"C:\\Users\\Kaz\\Desktop\\springboard-cs\\post\\express-jobly\\helpers\\sql.js": {"path":"C:\\Users\\Kaz\\Desktop\\springboard-cs\\post\\express-jobly\\helpers\\sql.js","statementMap":{"0":{"start":{"line":1,"column":28},"end":{"line":1,"column":54}},"1":{"start":{"line":8,"column":15},"end":{"line":8,"column":40}},"2":{"start":{"line":9,"column":2},"end":{"line":9,"column":62}},"3":{"start":{"line":9,"column":25},"end":{"line":9,"column":62}},"4":{"start":{"line":12,"column":15},"end":{"line":14,"column":3}},"5":{"start":{"line":13,"column":6},"end":{"line":13,"column":52}},"6":{"start":{"line":16,"column":2},"end":{"line":19,"column":4}},"7":{"start":{"line":22,"column":0},"end":{"line":22,"column":41}}},"fnMap":{"0":{"name":"sqlForPartialUpdate","decl":{"start":{"line":7,"column":9},"end":{"line":7,"column":28}},"loc":{"start":{"line":7,"column":52},"end":{"line":20,"column":1}},"line":7},"1":{"name":"(anonymous_1)","decl":{"start":{"line":12,"column":24},"end":{"line":12,"column":25}},"loc":{"start":{"line":13,"column":6},"end":{"line":13,"column":52}},"line":13}},"branchMap":{"0":{"loc":{"start":{"line":9,"column":2},"end":{"line":9,"column":62}},"type":"if","locations":[{"start":{"line":9,"column":2},"end":{"line":9,"column":62}},{"start":{"line":9,"column":2},"end":{"line":9,"column":62}}],"line":9},"1":{"loc":{"start":{"line":13,"column":10},"end":{"line":13,"column":37}},"type":"binary-expr","locations":[{"start":{"line":13,"column":10},"end":{"line":13,"column":26}},{"start":{"line":13,"column":30},"end":{"line":13,"column":37}}],"line":13}},"s":{"0":9,"1":19,"2":19,"3":3,"4":16,"5":35,"6":16,"7":9},"f":{"0":19,"1":35},"b":{"0":[3,16],"1":[35,23]},"_coverageSchema":"1a1c01bbd47fc00a2c39e90264f33305004495a9","hash":"aa17698c09c7cddad132f7e119662c911dfa0c7f"}
,"C:\\Users\\Kaz\\Desktop\\springboard-cs\\post\\express-jobly\\helpers\\tokens.js": {"path":"C:\\Users\\Kaz\\Desktop\\springboard-cs\\post\\express-jobly\\helpers\\tokens.js","statementMap":{"0":{"start":{"line":1,"column":12},"end":{"line":1,"column":35}},"1":{"start":{"line":2,"column":23},"end":{"line":2,"column":43}},"2":{"start":{"line":7,"column":2},"end":{"line":8,"column":58}},"3":{"start":{"line":10,"column":16},"end":{"line":13,"column":3}},"4":{"start":{"line":15,"column":2},"end":{"line":15,"column":39}},"5":{"start":{"line":18,"column":0},"end":{"line":18,"column":33}}},"fnMap":{"0":{"name":"createToken","decl":{"start":{"line":6,"column":9},"end":{"line":6,"column":20}},"loc":{"start":{"line":6,"column":27},"end":{"line":16,"column":1}},"line":6}},"branchMap":{"0":{"loc":{"start":{"line":12,"column":13},"end":{"line":12,"column":34}},"type":"binary-expr","locations":[{"start":{"line":12,"column":13},"end":{"line":12,"column":25}},{"start":{"line":12,"column":29},"end":{"line":12,"column":34}}],"line":12}},"s":{"0":6,"1":6,"2":15,"3":15,"4":15,"5":6},"f":{"0":15},"b":{"0":[15,8]},"_coverageSchema":"1a1c01bbd47fc00a2c39e90264f33305004495a9","hash":"1f08f19e5e17b191a2738334b9291186eede32a9"}
,"C:\\Users\\Kaz\\Desktop\\springboard-cs\\post\\express-jobly\\middleware\\auth.js": {"path":"C:\\Users\\Kaz\\Desktop\\springboard-cs\\post\\express-jobly\\middleware\\auth.js","statementMap":{"0":{"start":{"line":5,"column":12},"end":{"line":5,"column":35}},"1":{"start":{"line":6,"column":23},"end":{"line":6,"column":43}},"2":{"start":{"line":7,"column":30},"end":{"line":7,"column":56}},"3":{"start":{"line":19,"column":2},"end":{"line":28,"column":3}},"4":{"start":{"line":20,"column":23},"end":{"line":20,"column":63}},"5":{"start":{"line":21,"column":4},"end":{"line":24,"column":5}},"6":{"start":{"line":22,"column":20},"end":{"line":22,"column":64}},"7":{"start":{"line":23,"column":6},"end":{"line":23,"column":54}},"8":{"start":{"line":25,"column":4},"end":{"line":25,"column":18}},"9":{"start":{"line":27,"column":4},"end":{"line":27,"column":18}},"10":{"start":{"line":37,"column":2},"end":{"line":42,"column":3}},"11":{"start":{"line":38,"column":4},"end":{"line":38,"column":56}},"12":{"start":{"line":38,"column":26},"end":{"line":38,"column":56}},"13":{"start":{"line":39,"column":4},"end":{"line":39,"column":18}},"14":{"start":{"line":41,"column":4},"end":{"line":41,"column":21}},"15":{"start":{"line":51,"column":2},"end":{"line":57,"column":3}},"16":{"start":{"line":52,"column":4},"end":{"line":52,"column":56}},"17":{"start":{"line":52,"column":26},"end":{"line":52,"column":56}},"18":{"start":{"line":53,"column":4},"end":{"line":53,"column":73}},"19":{"start":{"line":53,"column":43},"end":{"line":53,"column":73}},"20":{"start":{"line":54,"column":4},"end":{"line":54,"column":18}},"21":{"start":{"line":56,"column":4},"end":{"line":56,"column":21}},"22":{"start":{"line":63,"column":2},"end":{"line":69,"column":3}},"23":{"start":{"line":64,"column":4},"end":{"line":64,"column":56}},"24":{"start":{"line":64,"column":26},"end":{"line":64,"column":56}},"25":{"start":{"line":65,"column":4},"end":{"line":65,"column":107}},"26":{"start":{"line":65,"column":93},"end":{"line":65,"column":107}},"27":{"start":{"line":66,"column":4},"end":{"line":66,"column":34}},"28":{"start":{"line":68,"column":4},"end":{"line":68,"column":19}},"29":{"start":{"line":73,"column":0},"end":{"line":78,"column":2}}},"fnMap":{"0":{"name":"authenticateJWT","decl":{"start":{"line":18,"column":9},"end":{"line":18,"column":24}},"loc":{"start":{"line":18,"column":41},"end":{"line":29,"column":1}},"line":18},"1":{"name":"ensureLoggedIn","decl":{"start":{"line":36,"column":9},"end":{"line":36,"column":23}},"loc":{"start":{"line":36,"column":40},"end":{"line":43,"column":1}},"line":36},"2":{"name":"ensureAdmin","decl":{"start":{"line":50,"column":9},"end":{"line":50,"column":20}},"loc":{"start":{"line":50,"column":37},"end":{"line":58,"column":1}},"line":50},"3":{"name":"ensureUserOrAdmin","decl":{"start":{"line":62,"column":9},"end":{"line":62,"column":26}},"loc":{"start":{"line":62,"column":43},"end":{"line":70,"column":1}},"line":62}},"branchMap":{"0":{"loc":{"start":{"line":20,"column":23},"end":{"line":20,"column":63}},"type":"binary-expr","locations":[{"start":{"line":20,"column":23},"end":{"line":20,"column":34}},{"start":{"line":20,"column":38},"end":{"line":20,"column":63}}],"line":20},"1":{"loc":{"start":{"line":21,"column":4},"end":{"line":24,"column":5}},"type":"if","locations":[{"start":{"line":21,"column":4},"end":{"line":24,"column":5}},{"start":{"line":21,"column":4},"end":{"line":24,"column":5}}],"line":21},"2":{"loc":{"start":{"line":38,"column":4},"end":{"line":38,"column":56}},"type":"if","locations":[{"start":{"line":38,"column":4},"end":{"line":38,"column":56}},{"start":{"line":38,"column":4},"end":{"line":38,"column":56}}],"line":38},"3":{"loc":{"start":{"line":52,"column":4},"end":{"line":52,"column":56}},"type":"if","locations":[{"start":{"line":52,"column":4},"end":{"line":52,"column":56}},{"start":{"line":52,"column":4},"end":{"line":52,"column":56}}],"line":52},"4":{"loc":{"start":{"line":53,"column":4},"end":{"line":53,"column":73}},"type":"if","locations":[{"start":{"line":53,"column":4},"end":{"line":53,"column":73}},{"start":{"line":53,"column":4},"end":{"line":53,"column":73}}],"line":53},"5":{"loc":{"start":{"line":64,"column":4},"end":{"line":64,"column":56}},"type":"if","locations":[{"start":{"line":64,"column":4},"end":{"line":64,"column":56}},{"start":{"line":64,"column":4},"end":{"line":64,"column":56}}],"line":64},"6":{"loc":{"start":{"line":65,"column":4},"end":{"line":65,"column":107}},"type":"if","locations":[{"start":{"line":65,"column":4},"end":{"line":65,"column":107}},{"start":{"line":65,"column":4},"end":{"line":65,"column":107}}],"line":65},"7":{"loc":{"start":{"line":65,"column":8},"end":{"line":65,"column":91}},"type":"binary-expr","locations":[{"start":{"line":65,"column":8},"end":{"line":65,"column":55}},{"start":{"line":65,"column":59},"end":{"line":65,"column":91}}],"line":65}},"s":{"0":6,"1":6,"2":6,"3":82,"4":82,"5":82,"6":51,"7":51,"8":81,"9":1,"10":2,"11":2,"12":1,"13":1,"14":1,"15":40,"16":40,"17":8,"18":32,"19":9,"20":23,"21":17,"22":26,"23":26,"24":5,"25":21,"26":17,"27":4,"28":9,"29":6},"f":{"0":82,"1":2,"2":40,"3":26},"b":{"0":[82,81],"1":[51,31],"2":[1,1],"3":[8,32],"4":[9,23],"5":[5,21],"6":[17,4],"7":[21,13]},"_coverageSchema":"1a1c01bbd47fc00a2c39e90264f33305004495a9","hash":"0d47745f4b807f863762011178de04f12fd16b2f"}
,"C:\\Users\\Kaz\\Desktop\\springboard-cs\\post\\express-jobly\\models\\_testCommon.js": {"path":"C:\\Users\\Kaz\\Desktop\\springboard-cs\\post\\express-jobly\\models\\_testCommon.js","statementMap":{"0":{"start":{"line":1,"column":15},"end":{"line":1,"column":32}},"1":{"start":{"line":3,"column":11},"end":{"line":3,"column":30}},"2":{"start":{"line":4,"column":31},"end":{"line":4,"column":51}},"3":{"start":{"line":8,"column":2},"end":{"line":8,"column":42}},"4":{"start":{"line":10,"column":2},"end":{"line":10,"column":38}},"5":{"start":{"line":12,"column":2},"end":{"line":12,"column":37}},"6":{"start":{"line":14,"column":2},"end":{"line":14,"column":45}},"7":{"start":{"line":16,"column":2},"end":{"line":20,"column":55}},"8":{"start":{"line":22,"column":2},"end":{"line":34,"column":9}},"9":{"start":{"line":36,"column":2},"end":{"line":40,"column":37}},"10":{"start":{"line":42,"column":2},"end":{"line":46,"column":24}},"11":{"start":{"line":50,"column":2},"end":{"line":50,"column":26}},"12":{"start":{"line":54,"column":2},"end":{"line":54,"column":29}},"13":{"start":{"line":58,"column":2},"end":{"line":58,"column":17}},"14":{"start":{"line":62,"column":0},"end":{"line":67,"column":2}}},"fnMap":{"0":{"name":"commonBeforeAll","decl":{"start":{"line":6,"column":15},"end":{"line":6,"column":30}},"loc":{"start":{"line":6,"column":33},"end":{"line":47,"column":1}},"line":6},"1":{"name":"commonBeforeEach","decl":{"start":{"line":49,"column":15},"end":{"line":49,"column":31}},"loc":{"start":{"line":49,"column":34},"end":{"line":51,"column":1}},"line":49},"2":{"name":"commonAfterEach","decl":{"start":{"line":53,"column":15},"end":{"line":53,"column":30}},"loc":{"start":{"line":53,"column":33},"end":{"line":55,"column":1}},"line":53},"3":{"name":"commonAfterAll","decl":{"start":{"line":57,"column":15},"end":{"line":57,"column":29}},"loc":{"start":{"line":57,"column":32},"end":{"line":59,"column":1}},"line":57}},"branchMap":{},"s":{"0":4,"1":4,"2":4,"3":4,"4":4,"5":4,"6":4,"7":4,"8":4,"9":4,"10":4,"11":63,"12":63,"13":4,"14":4},"f":{"0":4,"1":63,"2":63,"3":4},"b":{},"_coverageSchema":"1a1c01bbd47fc00a2c39e90264f33305004495a9","hash":"221f41c86c9f8306644c80384faa5df5b764765a"}
,"C:\\Users\\Kaz\\Desktop\\springboard-cs\\post\\express-jobly\\models\\company.js": {"path":"C:\\Users\\Kaz\\Desktop\\springboard-cs\\post\\express-jobly\\models\\company.js","statementMap":{"0":{"start":{"line":3,"column":11},"end":{"line":3,"column":27}},"1":{"start":{"line":4,"column":57},"end":{"line":4,"column":83}},"2":{"start":{"line":5,"column":32},"end":{"line":5,"column":57}},"3":{"start":{"line":20,"column":27},"end":{"line":24,"column":17}},"4":{"start":{"line":26,"column":4},"end":{"line":27,"column":64}},"5":{"start":{"line":27,"column":6},"end":{"line":27,"column":64}},"6":{"start":{"line":29,"column":19},"end":{"line":41,"column":5}},"7":{"start":{"line":42,"column":20},"end":{"line":42,"column":34}},"8":{"start":{"line":44,"column":4},"end":{"line":44,"column":19}},"9":{"start":{"line":53,"column":25},"end":{"line":60,"column":26}},"10":{"start":{"line":61,"column":4},"end":{"line":61,"column":29}},"11":{"start":{"line":74,"column":4},"end":{"line":76,"column":5}},"12":{"start":{"line":75,"column":6},"end":{"line":75,"column":86}},"13":{"start":{"line":77,"column":4},"end":{"line":86,"column":5}},"14":{"start":{"line":78,"column":27},"end":{"line":83,"column":7}},"15":{"start":{"line":84,"column":6},"end":{"line":84,"column":77}},"16":{"start":{"line":84,"column":33},"end":{"line":84,"column":77}},"17":{"start":{"line":85,"column":6},"end":{"line":85,"column":31}},"18":{"start":{"line":87,"column":4},"end":{"line":96,"column":5}},"19":{"start":{"line":88,"column":27},"end":{"line":93,"column":7}},"20":{"start":{"line":94,"column":6},"end":{"line":94,"column":77}},"21":{"start":{"line":94,"column":33},"end":{"line":94,"column":77}},"22":{"start":{"line":95,"column":6},"end":{"line":95,"column":31}},"23":{"start":{"line":97,"column":4},"end":{"line":107,"column":5}},"24":{"start":{"line":98,"column":6},"end":{"line":98,"column":24}},"25":{"start":{"line":99,"column":27},"end":{"line":104,"column":7}},"26":{"start":{"line":105,"column":6},"end":{"line":105,"column":77}},"27":{"start":{"line":105,"column":33},"end":{"line":105,"column":77}},"28":{"start":{"line":106,"column":6},"end":{"line":106,"column":31}},"29":{"start":{"line":108,"column":4},"end":{"line":117,"column":5}},"30":{"start":{"line":109,"column":27},"end":{"line":114,"column":7}},"31":{"start":{"line":115,"column":4},"end":{"line":115,"column":75}},"32":{"start":{"line":115,"column":31},"end":{"line":115,"column":75}},"33":{"start":{"line":116,"column":4},"end":{"line":116,"column":29}},"34":{"start":{"line":118,"column":4},"end":{"line":128,"column":5}},"35":{"start":{"line":119,"column":27},"end":{"line":125,"column":7}},"36":{"start":{"line":126,"column":6},"end":{"line":126,"column":77}},"37":{"start":{"line":126,"column":33},"end":{"line":126,"column":77}},"38":{"start":{"line":127,"column":6},"end":{"line":127,"column":31}},"39":{"start":{"line":129,"column":4},"end":{"line":139,"column":5}},"40":{"start":{"line":130,"column":27},"end":{"line":136,"column":7}},"41":{"start":{"line":137,"column":6},"end":{"line":137,"column":77}},"42":{"start":{"line":137,"column":33},"end":{"line":137,"column":77}},"43":{"start":{"line":138,"column":6},"end":{"line":138,"column":31}},"44":{"start":{"line":140,"column":25},"end":{"line":146,"column":5}},"45":{"start":{"line":147,"column":4},"end":{"line":147,"column":75}},"46":{"start":{"line":147,"column":31},"end":{"line":147,"column":75}},"47":{"start":{"line":148,"column":4},"end":{"line":148,"column":29}},"48":{"start":{"line":160,"column":23},"end":{"line":169,"column":5}},"49":{"start":{"line":171,"column":24},"end":{"line":181,"column":5}},"50":{"start":{"line":183,"column":4},"end":{"line":183,"column":79}},"51":{"start":{"line":183,"column":29},"end":{"line":183,"column":79}},"52":{"start":{"line":185,"column":63},"end":{"line":185,"column":81}},"53":{"start":{"line":187,"column":4},"end":{"line":191,"column":5}},"54":{"start":{"line":188,"column":6},"end":{"line":188,"column":15}},"55":{"start":{"line":190,"column":6},"end":{"line":190,"column":30}},"56":{"start":{"line":192,"column":4},"end":{"line":194,"column":7}},"57":{"start":{"line":210,"column":32},"end":{"line":215,"column":10}},"58":{"start":{"line":216,"column":25},"end":{"line":216,"column":50}},"59":{"start":{"line":218,"column":21},"end":{"line":225,"column":54}},"60":{"start":{"line":226,"column":19},"end":{"line":226,"column":64}},"61":{"start":{"line":227,"column":20},"end":{"line":227,"column":34}},"62":{"start":{"line":229,"column":4},"end":{"line":229,"column":67}},"63":{"start":{"line":229,"column":18},"end":{"line":229,"column":67}},"64":{"start":{"line":231,"column":4},"end":{"line":231,"column":19}},"65":{"start":{"line":240,"column":19},"end":{"line":245,"column":17}},"66":{"start":{"line":246,"column":20},"end":{"line":246,"column":34}},"67":{"start":{"line":248,"column":4},"end":{"line":248,"column":67}},"68":{"start":{"line":248,"column":18},"end":{"line":248,"column":67}},"69":{"start":{"line":253,"column":0},"end":{"line":253,"column":25}}},"fnMap":{"0":{"name":"(anonymous_0)","decl":{"start":{"line":19,"column":2},"end":{"line":19,"column":3}},"loc":{"start":{"line":19,"column":76},"end":{"line":45,"column":3}},"line":19},"1":{"name":"(anonymous_1)","decl":{"start":{"line":52,"column":2},"end":{"line":52,"column":3}},"loc":{"start":{"line":52,"column":25},"end":{"line":62,"column":3}},"line":52},"2":{"name":"(anonymous_2)","decl":{"start":{"line":73,"column":2},"end":{"line":73,"column":3}},"loc":{"start":{"line":73,"column":56},"end":{"line":149,"column":3}},"line":73},"3":{"name":"(anonymous_3)","decl":{"start":{"line":159,"column":2},"end":{"line":159,"column":3}},"loc":{"start":{"line":159,"column":28},"end":{"line":195,"column":3}},"line":159},"4":{"name":"(anonymous_4)","decl":{"start":{"line":209,"column":2},"end":{"line":209,"column":3}},"loc":{"start":{"line":209,"column":36},"end":{"line":232,"column":3}},"line":209},"5":{"name":"(anonymous_5)","decl":{"start":{"line":239,"column":2},"end":{"line":239,"column":3}},"loc":{"start":{"line":239,"column":30},"end":{"line":249,"column":3}},"line":239}},"branchMap":{"0":{"loc":{"start":{"line":26,"column":4},"end":{"line":27,"column":64}},"type":"if","locations":[{"start":{"line":26,"column":4},"end":{"line":27,"column":64}},{"start":{"line":26,"column":4},"end":{"line":27,"column":64}}],"line":26},"1":{"loc":{"start":{"line":74,"column":4},"end":{"line":76,"column":5}},"type":"if","locations":[{"start":{"line":74,"column":4},"end":{"line":76,"column":5}},{"start":{"line":74,"column":4},"end":{"line":76,"column":5}}],"line":74},"2":{"loc":{"start":{"line":77,"column":4},"end":{"line":86,"column":5}},"type":"if","locations":[{"start":{"line":77,"column":4},"end":{"line":86,"column":5}},{"start":{"line":77,"column":4},"end":{"line":86,"column":5}}],"line":77},"3":{"loc":{"start":{"line":77,"column":8},"end":{"line":77,"column":30}},"type":"binary-expr","locations":[{"start":{"line":77,"column":8},"end":{"line":77,"column":13}},{"start":{"line":77,"column":17},"end":{"line":77,"column":30}}],"line":77},"4":{"loc":{"start":{"line":84,"column":6},"end":{"line":84,"column":77}},"type":"if","locations":[{"start":{"line":84,"column":6},"end":{"line":84,"column":77}},{"start":{"line":84,"column":6},"end":{"line":84,"column":77}}],"line":84},"5":{"loc":{"start":{"line":87,"column":4},"end":{"line":96,"column":5}},"type":"if","locations":[{"start":{"line":87,"column":4},"end":{"line":96,"column":5}},{"start":{"line":87,"column":4},"end":{"line":96,"column":5}}],"line":87},"6":{"loc":{"start":{"line":87,"column":8},"end":{"line":87,"column":30}},"type":"binary-expr","locations":[{"start":{"line":87,"column":8},"end":{"line":87,"column":13}},{"start":{"line":87,"column":17},"end":{"line":87,"column":30}}],"line":87},"7":{"loc":{"start":{"line":94,"column":6},"end":{"line":94,"column":77}},"type":"if","locations":[{"start":{"line":94,"column":6},"end":{"line":94,"column":77}},{"start":{"line":94,"column":6},"end":{"line":94,"column":77}}],"line":94},"8":{"loc":{"start":{"line":97,"column":4},"end":{"line":107,"column":5}},"type":"if","locations":[{"start":{"line":97,"column":4},"end":{"line":107,"column":5}},{"start":{"line":97,"column":4},"end":{"line":107,"column":5}}],"line":97},"9":{"loc":{"start":{"line":97,"column":8},"end":{"line":97,"column":38}},"type":"binary-expr","locations":[{"start":{"line":97,"column":8},"end":{"line":97,"column":21}},{"start":{"line":97,"column":25},"end":{"line":97,"column":38}}],"line":97},"10":{"loc":{"start":{"line":105,"column":6},"end":{"line":105,"column":77}},"type":"if","locations":[{"start":{"line":105,"column":6},"end":{"line":105,"column":77}},{"start":{"line":105,"column":6},"end":{"line":105,"column":77}}],"line":105},"11":{"loc":{"start":{"line":108,"column":4},"end":{"line":117,"column":5}},"type":"if","locations":[{"start":{"line":108,"column":4},"end":{"line":117,"column":5}},{"start":{"line":108,"column":4},"end":{"line":117,"column":5}}],"line":108},"12":{"loc":{"start":{"line":115,"column":4},"end":{"line":115,"column":75}},"type":"if","locations":[{"start":{"line":115,"column":4},"end":{"line":115,"column":75}},{"start":{"line":115,"column":4},"end":{"line":115,"column":75}}],"line":115},"13":{"loc":{"start":{"line":118,"column":4},"end":{"line":128,"column":5}},"type":"if","locations":[{"start":{"line":118,"column":4},"end":{"line":128,"column":5}},{"start":{"line":118,"column":4},"end":{"line":128,"column":5}}],"line":118},"14":{"loc":{"start":{"line":126,"column":6},"end":{"line":126,"column":77}},"type":"if","locations":[{"start":{"line":126,"column":6},"end":{"line":126,"column":77}},{"start":{"line":126,"column":6},"end":{"line":126,"column":77}}],"line":126},"15":{"loc":{"start":{"line":129,"column":4},"end":{"line":139,"column":5}},"type":"if","locations":[{"start":{"line":129,"column":4},"end":{"line":139,"column":5}},{"start":{"line":129,"column":4},"end":{"line":139,"column":5}}],"line":129},"16":{"loc":{"start":{"line":137,"column":6},"end":{"line":137,"column":77}},"type":"if","locations":[{"start":{"line":137,"column":6},"end":{"line":137,"column":77}},{"start":{"line":137,"column":6},"end":{"line":137,"column":77}}],"line":137},"17":{"loc":{"start":{"line":147,"column":4},"end":{"line":147,"column":75}},"type":"if","locations":[{"start":{"line":147,"column":4},"end":{"line":147,"column":75}},{"start":{"line":147,"column":4},"end":{"line":147,"column":75}}],"line":147},"18":{"loc":{"start":{"line":183,"column":4},"end":{"line":183,"column":79}},"type":"if","locations":[{"start":{"line":183,"column":4},"end":{"line":183,"column":79}},{"start":{"line":183,"column":4},"end":{"line":183,"column":79}}],"line":183},"19":{"loc":{"start":{"line":187,"column":4},"end":{"line":191,"column":5}},"type":"if","locations":[{"start":{"line":187,"column":4},"end":{"line":191,"column":5}},{"start":{"line":187,"column":4},"end":{"line":191,"column":5}}],"line":187},"20":{"loc":{"start":{"line":229,"column":4},"end":{"line":229,"column":67}},"type":"if","locations":[{"start":{"line":229,"column":4},"end":{"line":229,"column":67}},{"start":{"line":229,"column":4},"end":{"line":229,"column":67}}],"line":229},"21":{"loc":{"start":{"line":248,"column":4},"end":{"line":248,"column":67}},"type":"if","locations":[{"start":{"line":248,"column":4},"end":{"line":248,"column":67}},{"start":{"line":248,"column":4},"end":{"line":248,"column":67}}],"line":248}},"s":{"0":7,"1":7,"2":7,"3":20,"4":20,"5":1,"6":19,"7":19,"8":19,"9":3,"10":2,"11":11,"12":1,"13":10,"14":1,"15":1,"16":0,"17":1,"18":9,"19":1,"20":1,"21":0,"22":1,"23":8,"24":1,"25":1,"26":1,"27":0,"28":1,"29":7,"30":1,"31":1,"32":0,"33":1,"34":6,"35":1,"36":1,"37":0,"38":1,"39":5,"40":2,"41":2,"42":0,"43":2,"44":3,"45":3,"46":2,"47":1,"48":7,"49":7,"50":6,"51":3,"52":3,"53":3,"54":1,"55":2,"56":3,"57":6,"58":5,"59":5,"60":5,"61":5,"62":5,"63":2,"64":3,"65":4,"66":4,"67":4,"68":2,"69":7},"f":{"0":20,"1":3,"2":11,"3":7,"4":6,"5":4},"b":{"0":[1,19],"1":[1,10],"2":[1,9],"3":[10,3],"4":[0,1],"5":[1,8],"6":[9,2],"7":[0,1],"8":[1,7],"9":[8,2],"10":[0,1],"11":[1,6],"12":[0,1],"13":[1,5],"14":[0,1],"15":[2,3],"16":[0,2],"17":[2,1],"18":[3,3],"19":[1,2],"20":[2,3],"21":[2,2]},"_coverageSchema":"1a1c01bbd47fc00a2c39e90264f33305004495a9","hash":"41e4277e87d57af887a8d5d5a28ffe6f01b28234"}
,"C:\\Users\\Kaz\\Desktop\\springboard-cs\\post\\express-jobly\\models\\job.js": {"path":"C:\\Users\\Kaz\\Desktop\\springboard-cs\\post\\express-jobly\\models\\job.js","statementMap":{"0":{"start":{"line":3,"column":11},"end":{"line":3,"column":27}},"1":{"start":{"line":4,"column":43},"end":{"line":4,"column":69}},"2":{"start":{"line":5,"column":32},"end":{"line":5,"column":57}},"3":{"start":{"line":16,"column":22},"end":{"line":20,"column":16}},"4":{"start":{"line":22,"column":4},"end":{"line":22,"column":77}},"5":{"start":{"line":22,"column":27},"end":{"line":22,"column":77}},"6":{"start":{"line":24,"column":19},"end":{"line":30,"column":5}},"7":{"start":{"line":31,"column":4},"end":{"line":31,"column":26}},"8":{"start":{"line":40,"column":20},"end":{"line":43,"column":28}},"9":{"start":{"line":44,"column":4},"end":{"line":44,"column":24}},"10":{"start":{"line":50,"column":4},"end":{"line":57,"column":5}},"11":{"start":{"line":51,"column":21},"end":{"line":54,"column":30}},"12":{"start":{"line":55,"column":6},"end":{"line":55,"column":67}},"13":{"start":{"line":55,"column":27},"end":{"line":55,"column":67}},"14":{"start":{"line":56,"column":6},"end":{"line":56,"column":25}},"15":{"start":{"line":58,"column":4},"end":{"line":66,"column":5}},"16":{"start":{"line":59,"column":21},"end":{"line":63,"column":22}},"17":{"start":{"line":64,"column":6},"end":{"line":64,"column":67}},"18":{"start":{"line":64,"column":27},"end":{"line":64,"column":67}},"19":{"start":{"line":65,"column":6},"end":{"line":65,"column":25}},"20":{"start":{"line":67,"column":4},"end":{"line":75,"column":5}},"21":{"start":{"line":68,"column":21},"end":{"line":72,"column":18}},"22":{"start":{"line":73,"column":6},"end":{"line":73,"column":67}},"23":{"start":{"line":73,"column":27},"end":{"line":73,"column":67}},"24":{"start":{"line":74,"column":6},"end":{"line":74,"column":25}},"25":{"start":{"line":76,"column":4},"end":{"line":85,"column":5}},"26":{"start":{"line":77,"column":21},"end":{"line":82,"column":22}},"27":{"start":{"line":83,"column":6},"end":{"line":83,"column":67}},"28":{"start":{"line":83,"column":27},"end":{"line":83,"column":67}},"29":{"start":{"line":84,"column":6},"end":{"line":84,"column":25}},"30":{"start":{"line":86,"column":4},"end":{"line":95,"column":5}},"31":{"start":{"line":87,"column":21},"end":{"line":92,"column":16}},"32":{"start":{"line":93,"column":6},"end":{"line":93,"column":67}},"33":{"start":{"line":93,"column":27},"end":{"line":93,"column":67}},"34":{"start":{"line":94,"column":6},"end":{"line":94,"column":25}},"35":{"start":{"line":96,"column":4},"end":{"line":105,"column":5}},"36":{"start":{"line":97,"column":21},"end":{"line":102,"column":29}},"37":{"start":{"line":103,"column":6},"end":{"line":103,"column":67}},"38":{"start":{"line":103,"column":27},"end":{"line":103,"column":67}},"39":{"start":{"line":104,"column":6},"end":{"line":104,"column":25}},"40":{"start":{"line":106,"column":19},"end":{"line":112,"column":27}},"41":{"start":{"line":113,"column":4},"end":{"line":113,"column":65}},"42":{"start":{"line":113,"column":25},"end":{"line":113,"column":65}},"43":{"start":{"line":114,"column":4},"end":{"line":114,"column":23}},"44":{"start":{"line":119,"column":19},"end":{"line":123,"column":13}},"45":{"start":{"line":124,"column":16},"end":{"line":124,"column":30}},"46":{"start":{"line":125,"column":4},"end":{"line":125,"column":55}},"47":{"start":{"line":125,"column":14},"end":{"line":125,"column":55}},"48":{"start":{"line":126,"column":4},"end":{"line":126,"column":15}},"49":{"start":{"line":131,"column":32},"end":{"line":135,"column":8}},"50":{"start":{"line":136,"column":25},"end":{"line":136,"column":50}},"51":{"start":{"line":138,"column":21},"end":{"line":141,"column":93}},"52":{"start":{"line":142,"column":19},"end":{"line":142,"column":60}},"53":{"start":{"line":143,"column":16},"end":{"line":143,"column":30}},"54":{"start":{"line":144,"column":4},"end":{"line":144,"column":55}},"55":{"start":{"line":144,"column":14},"end":{"line":144,"column":55}},"56":{"start":{"line":145,"column":4},"end":{"line":145,"column":15}},"57":{"start":{"line":150,"column":19},"end":{"line":155,"column":15}},"58":{"start":{"line":156,"column":16},"end":{"line":156,"column":30}},"59":{"start":{"line":157,"column":4},"end":{"line":157,"column":54}},"60":{"start":{"line":157,"column":13},"end":{"line":157,"column":54}},"61":{"start":{"line":161,"column":0},"end":{"line":161,"column":20}}},"fnMap":{"0":{"name":"(anonymous_0)","decl":{"start":{"line":15,"column":2},"end":{"line":15,"column":3}},"loc":{"start":{"line":15,"column":68},"end":{"line":32,"column":3}},"line":15},"1":{"name":"(anonymous_1)","decl":{"start":{"line":39,"column":2},"end":{"line":39,"column":3}},"loc":{"start":{"line":39,"column":25},"end":{"line":45,"column":3}},"line":39},"2":{"name":"(anonymous_2)","decl":{"start":{"line":49,"column":2},"end":{"line":49,"column":3}},"loc":{"start":{"line":49,"column":51},"end":{"line":115,"column":3}},"line":49},"3":{"name":"(anonymous_3)","decl":{"start":{"line":118,"column":2},"end":{"line":118,"column":3}},"loc":{"start":{"line":118,"column":22},"end":{"line":127,"column":3}},"line":118},"4":{"name":"(anonymous_4)","decl":{"start":{"line":130,"column":2},"end":{"line":130,"column":3}},"loc":{"start":{"line":130,"column":32},"end":{"line":146,"column":3}},"line":130},"5":{"name":"(anonymous_5)","decl":{"start":{"line":149,"column":2},"end":{"line":149,"column":3}},"loc":{"start":{"line":149,"column":25},"end":{"line":158,"column":3}},"line":149}},"branchMap":{"0":{"loc":{"start":{"line":22,"column":4},"end":{"line":22,"column":77}},"type":"if","locations":[{"start":{"line":22,"column":4},"end":{"line":22,"column":77}},{"start":{"line":22,"column":4},"end":{"line":22,"column":77}}],"line":22},"1":{"loc":{"start":{"line":50,"column":4},"end":{"line":57,"column":5}},"type":"if","locations":[{"start":{"line":50,"column":4},"end":{"line":57,"column":5}},{"start":{"line":50,"column":4},"end":{"line":57,"column":5}}],"line":50},"2":{"loc":{"start":{"line":50,"column":7},"end":{"line":50,"column":48}},"type":"binary-expr","locations":[{"start":{"line":50,"column":7},"end":{"line":50,"column":13}},{"start":{"line":50,"column":17},"end":{"line":50,"column":27}},{"start":{"line":50,"column":31},"end":{"line":50,"column":48}}],"line":50},"3":{"loc":{"start":{"line":55,"column":6},"end":{"line":55,"column":67}},"type":"if","locations":[{"start":{"line":55,"column":6},"end":{"line":55,"column":67}},{"start":{"line":55,"column":6},"end":{"line":55,"column":67}}],"line":55},"4":{"loc":{"start":{"line":58,"column":4},"end":{"line":66,"column":5}},"type":"if","locations":[{"start":{"line":58,"column":4},"end":{"line":66,"column":5}},{"start":{"line":58,"column":4},"end":{"line":66,"column":5}}],"line":58},"5":{"loc":{"start":{"line":58,"column":7},"end":{"line":58,"column":51}},"type":"binary-expr","locations":[{"start":{"line":58,"column":7},"end":{"line":58,"column":13}},{"start":{"line":58,"column":18},"end":{"line":58,"column":36}},{"start":{"line":58,"column":40},"end":{"line":58,"column":50}}],"line":58},"6":{"loc":{"start":{"line":64,"column":6},"end":{"line":64,"column":67}},"type":"if","locations":[{"start":{"line":64,"column":6},"end":{"line":64,"column":67}},{"start":{"line":64,"column":6},"end":{"line":64,"column":67}}],"line":64},"7":{"loc":{"start":{"line":67,"column":4},"end":{"line":75,"column":5}},"type":"if","locations":[{"start":{"line":67,"column":4},"end":{"line":75,"column":5}},{"start":{"line":67,"column":4},"end":{"line":75,"column":5}}],"line":67},"8":{"loc":{"start":{"line":67,"column":7},"end":{"line":67,"column":55}},"type":"binary-expr","locations":[{"start":{"line":67,"column":7},"end":{"line":67,"column":17}},{"start":{"line":67,"column":22},"end":{"line":67,"column":40}},{"start":{"line":67,"column":44},"end":{"line":67,"column":54}}],"line":67},"9":{"loc":{"start":{"line":73,"column":6},"end":{"line":73,"column":67}},"type":"if","locations":[{"start":{"line":73,"column":6},"end":{"line":73,"column":67}},{"start":{"line":73,"column":6},"end":{"line":73,"column":67}}],"line":73},"10":{"loc":{"start":{"line":76,"column":4},"end":{"line":85,"column":5}},"type":"if","locations":[{"start":{"line":76,"column":4},"end":{"line":85,"column":5}},{"start":{"line":76,"column":4},"end":{"line":85,"column":5}}],"line":76},"11":{"loc":{"start":{"line":76,"column":7},"end":{"line":76,"column":34}},"type":"binary-expr","locations":[{"start":{"line":76,"column":7},"end":{"line":76,"column":13}},{"start":{"line":76,"column":17},"end":{"line":76,"column":34}}],"line":76},"12":{"loc":{"start":{"line":83,"column":6},"end":{"line":83,"column":67}},"type":"if","locations":[{"start":{"line":83,"column":6},"end":{"line":83,"column":67}},{"start":{"line":83,"column":6},"end":{"line":83,"column":67}}],"line":83},"13":{"loc":{"start":{"line":86,"column":4},"end":{"line":95,"column":5}},"type":"if","locations":[{"start":{"line":86,"column":4},"end":{"line":95,"column":5}},{"start":{"line":86,"column":4},"end":{"line":95,"column":5}}],"line":86},"14":{"loc":{"start":{"line":86,"column":7},"end":{"line":86,"column":38}},"type":"binary-expr","locations":[{"start":{"line":86,"column":7},"end":{"line":86,"column":17}},{"start":{"line":86,"column":21},"end":{"line":86,"column":38}}],"line":86},"15":{"loc":{"start":{"line":93,"column":6},"end":{"line":93,"column":67}},"type":"if","locations":[{"start":{"line":93,"column":6},"end":{"line":93,"column":67}},{"start":{"line":93,"column":6},"end":{"line":93,"column":67}}],"line":93},"16":{"loc":{"start":{"line":96,"column":4},"end":{"line":105,"column":5}},"type":"if","locations":[{"start":{"line":96,"column":4},"end":{"line":105,"column":5}},{"start":{"line":96,"column":4},"end":{"line":105,"column":5}}],"line":96},"17":{"loc":{"start":{"line":96,"column":7},"end":{"line":96,"column":39}},"type":"binary-expr","locations":[{"start":{"line":96,"column":7},"end":{"line":96,"column":25}},{"start":{"line":96,"column":29},"end":{"line":96,"column":39}}],"line":96},"18":{"loc":{"start":{"line":103,"column":6},"end":{"line":103,"column":67}},"type":"if","locations":[{"start":{"line":103,"column":6},"end":{"line":103,"column":67}},{"start":{"line":103,"column":6},"end":{"line":103,"column":67}}],"line":103},"19":{"loc":{"start":{"line":113,"column":4},"end":{"line":113,"column":65}},"type":"if","locations":[{"start":{"line":113,"column":4},"end":{"line":113,"column":65}},{"start":{"line":113,"column":4},"end":{"line":113,"column":65}}],"line":113},"20":{"loc":{"start":{"line":125,"column":4},"end":{"line":125,"column":55}},"type":"if","locations":[{"start":{"line":125,"column":4},"end":{"line":125,"column":55}},{"start":{"line":125,"column":4},"end":{"line":125,"column":55}}],"line":125},"21":{"loc":{"start":{"line":144,"column":4},"end":{"line":144,"column":55}},"type":"if","locations":[{"start":{"line":144,"column":4},"end":{"line":144,"column":55}},{"start":{"line":144,"column":4},"end":{"line":144,"column":55}}],"line":144},"22":{"loc":{"start":{"line":157,"column":4},"end":{"line":157,"column":54}},"type":"if","locations":[{"start":{"line":157,"column":4},"end":{"line":157,"column":54}},{"start":{"line":157,"column":4},"end":{"line":157,"column":54}}],"line":157}},"s":{"0":6,"1":6,"2":6,"3":4,"4":4,"5":1,"6":3,"7":3,"8":2,"9":2,"10":12,"11":1,"12":1,"13":0,"14":1,"15":11,"16":2,"17":2,"18":0,"19":2,"20":9,"21":2,"22":2,"23":0,"24":2,"25":7,"26":1,"27":1,"28":0,"29":1,"30":6,"31":2,"32":2,"33":1,"34":1,"35":4,"36":3,"37":3,"38":0,"39":3,"40":1,"41":1,"42":0,"43":1,"44":3,"45":3,"46":3,"47":1,"48":2,"49":6,"50":5,"51":5,"52":5,"53":5,"54":5,"55":2,"56":3,"57":4,"58":4,"59":4,"60":2,"61":6},"f":{"0":4,"1":2,"2":12,"3":3,"4":6,"5":4},"b":{"0":[1,3],"1":[1,11],"2":[12,4,1],"3":[0,1],"4":[2,9],"5":[11,3,2],"6":[0,2],"7":[2,7],"8":[9,4,3],"9":[0,2],"10":[1,6],"11":[7,1],"12":[0,1],"13":[2,4],"14":[6,2],"15":[1,1],"16":[3,1],"17":[4,3],"18":[0,3],"19":[0,1],"20":[1,2],"21":[2,3],"22":[2,2]},"_coverageSchema":"1a1c01bbd47fc00a2c39e90264f33305004495a9","hash":"232929b7192a61219fac9ad126bcb962a02714c5"}
,"C:\\Users\\Kaz\\Desktop\\springboard-cs\\post\\express-jobly\\models\\user.js": {"path":"C:\\Users\\Kaz\\Desktop\\springboard-cs\\post\\express-jobly\\models\\user.js","statementMap":{"0":{"start":{"line":3,"column":11},"end":{"line":3,"column":27}},"1":{"start":{"line":4,"column":15},"end":{"line":4,"column":32}},"2":{"start":{"line":5,"column":32},"end":{"line":5,"column":57}},"3":{"start":{"line":10,"column":4},"end":{"line":10,"column":30}},"4":{"start":{"line":12,"column":31},"end":{"line":12,"column":54}},"5":{"start":{"line":26,"column":19},"end":{"line":36,"column":5}},"6":{"start":{"line":38,"column":17},"end":{"line":38,"column":31}},"7":{"start":{"line":40,"column":4},"end":{"line":47,"column":5}},"8":{"start":{"line":42,"column":22},"end":{"line":42,"column":67}},"9":{"start":{"line":43,"column":6},"end":{"line":46,"column":7}},"10":{"start":{"line":44,"column":8},"end":{"line":44,"column":29}},"11":{"start":{"line":45,"column":8},"end":{"line":45,"column":20}},"12":{"start":{"line":49,"column":4},"end":{"line":49,"column":61}},"13":{"start":{"line":61,"column":27},"end":{"line":66,"column":5}},"14":{"start":{"line":68,"column":4},"end":{"line":70,"column":5}},"15":{"start":{"line":69,"column":6},"end":{"line":69,"column":67}},"16":{"start":{"line":72,"column":27},"end":{"line":72,"column":74}},"17":{"start":{"line":74,"column":19},"end":{"line":92,"column":5}},"18":{"start":{"line":94,"column":17},"end":{"line":94,"column":31}},"19":{"start":{"line":96,"column":4},"end":{"line":96,"column":16}},"20":{"start":{"line":105,"column":19},"end":{"line":113,"column":5}},"21":{"start":{"line":115,"column":4},"end":{"line":115,"column":23}},"22":{"start":{"line":127,"column":20},"end":{"line":136,"column":5}},"23":{"start":{"line":138,"column":21},"end":{"line":147,"column":5}},"24":{"start":{"line":148,"column":4},"end":{"line":148,"column":75}},"25":{"start":{"line":148,"column":26},"end":{"line":148,"column":75}},"26":{"start":{"line":150,"column":62},"end":{"line":150,"column":77}},"27":{"start":{"line":152,"column":4},"end":{"line":156,"column":5}},"28":{"start":{"line":153,"column":6},"end":{"line":153,"column":15}},"29":{"start":{"line":155,"column":6},"end":{"line":155,"column":34}},"30":{"start":{"line":157,"column":4},"end":{"line":159,"column":6}},"31":{"start":{"line":180,"column":4},"end":{"line":182,"column":5}},"32":{"start":{"line":181,"column":6},"end":{"line":181,"column":75}},"33":{"start":{"line":184,"column":32},"end":{"line":190,"column":10}},"34":{"start":{"line":191,"column":27},"end":{"line":191,"column":52}},"35":{"start":{"line":193,"column":21},"end":{"line":200,"column":54}},"36":{"start":{"line":201,"column":19},"end":{"line":201,"column":66}},"37":{"start":{"line":202,"column":17},"end":{"line":202,"column":31}},"38":{"start":{"line":204,"column":4},"end":{"line":204,"column":63}},"39":{"start":{"line":204,"column":15},"end":{"line":204,"column":63}},"40":{"start":{"line":206,"column":4},"end":{"line":206,"column":25}},"41":{"start":{"line":207,"column":4},"end":{"line":207,"column":16}},"42":{"start":{"line":213,"column":17},"end":{"line":219,"column":5}},"43":{"start":{"line":220,"column":17},"end":{"line":220,"column":31}},"44":{"start":{"line":222,"column":4},"end":{"line":222,"column":63}},"45":{"start":{"line":222,"column":15},"end":{"line":222,"column":63}},"46":{"start":{"line":228,"column":22},"end":{"line":233,"column":5}},"47":{"start":{"line":234,"column":4},"end":{"line":234,"column":76}},"48":{"start":{"line":234,"column":28},"end":{"line":234,"column":76}},"49":{"start":{"line":236,"column":21},"end":{"line":241,"column":5}},"50":{"start":{"line":242,"column":4},"end":{"line":242,"column":68}},"51":{"start":{"line":242,"column":27},"end":{"line":242,"column":68}},"52":{"start":{"line":244,"column":27},"end":{"line":250,"column":5}},"53":{"start":{"line":251,"column":4},"end":{"line":251,"column":83}},"54":{"start":{"line":251,"column":32},"end":{"line":251,"column":83}},"55":{"start":{"line":253,"column":19},"end":{"line":259,"column":5}},"56":{"start":{"line":260,"column":16},"end":{"line":260,"column":30}},"57":{"start":{"line":261,"column":4},"end":{"line":261,"column":85}},"58":{"start":{"line":261,"column":14},"end":{"line":261,"column":85}},"59":{"start":{"line":262,"column":4},"end":{"line":262,"column":15}},"60":{"start":{"line":267,"column":0},"end":{"line":267,"column":22}}},"fnMap":{"0":{"name":"(anonymous_0)","decl":{"start":{"line":24,"column":2},"end":{"line":24,"column":3}},"loc":{"start":{"line":24,"column":48},"end":{"line":50,"column":3}},"line":24},"1":{"name":"(anonymous_1)","decl":{"start":{"line":59,"column":2},"end":{"line":59,"column":3}},"loc":{"start":{"line":60,"column":67},"end":{"line":97,"column":3}},"line":60},"2":{"name":"(anonymous_2)","decl":{"start":{"line":104,"column":2},"end":{"line":104,"column":3}},"loc":{"start":{"line":104,"column":25},"end":{"line":116,"column":3}},"line":104},"3":{"name":"(anonymous_3)","decl":{"start":{"line":126,"column":2},"end":{"line":126,"column":3}},"loc":{"start":{"line":126,"column":30},"end":{"line":160,"column":3}},"line":126},"4":{"name":"(anonymous_4)","decl":{"start":{"line":179,"column":2},"end":{"line":179,"column":3}},"loc":{"start":{"line":179,"column":38},"end":{"line":208,"column":3}},"line":179},"5":{"name":"(anonymous_5)","decl":{"start":{"line":212,"column":2},"end":{"line":212,"column":3}},"loc":{"start":{"line":212,"column":32},"end":{"line":223,"column":3}},"line":212},"6":{"name":"(anonymous_6)","decl":{"start":{"line":227,"column":2},"end":{"line":227,"column":3}},"loc":{"start":{"line":227,"column":35},"end":{"line":263,"column":3}},"line":227}},"branchMap":{"0":{"loc":{"start":{"line":40,"column":4},"end":{"line":47,"column":5}},"type":"if","locations":[{"start":{"line":40,"column":4},"end":{"line":47,"column":5}},{"start":{"line":40,"column":4},"end":{"line":47,"column":5}}],"line":40},"1":{"loc":{"start":{"line":43,"column":6},"end":{"line":46,"column":7}},"type":"if","locations":[{"start":{"line":43,"column":6},"end":{"line":46,"column":7}},{"start":{"line":43,"column":6},"end":{"line":46,"column":7}}],"line":43},"2":{"loc":{"start":{"line":68,"column":4},"end":{"line":70,"column":5}},"type":"if","locations":[{"start":{"line":68,"column":4},"end":{"line":70,"column":5}},{"start":{"line":68,"column":4},"end":{"line":70,"column":5}}],"line":68},"3":{"loc":{"start":{"line":148,"column":4},"end":{"line":148,"column":75}},"type":"if","locations":[{"start":{"line":148,"column":4},"end":{"line":148,"column":75}},{"start":{"line":148,"column":4},"end":{"line":148,"column":75}}],"line":148},"4":{"loc":{"start":{"line":152,"column":4},"end":{"line":156,"column":5}},"type":"if","locations":[{"start":{"line":152,"column":4},"end":{"line":156,"column":5}},{"start":{"line":152,"column":4},"end":{"line":156,"column":5}}],"line":152},"5":{"loc":{"start":{"line":180,"column":4},"end":{"line":182,"column":5}},"type":"if","locations":[{"start":{"line":180,"column":4},"end":{"line":182,"column":5}},{"start":{"line":180,"column":4},"end":{"line":182,"column":5}}],"line":180},"6":{"loc":{"start":{"line":204,"column":4},"end":{"line":204,"column":63}},"type":"if","locations":[{"start":{"line":204,"column":4},"end":{"line":204,"column":63}},{"start":{"line":204,"column":4},"end":{"line":204,"column":63}}],"line":204},"7":{"loc":{"start":{"line":222,"column":4},"end":{"line":222,"column":63}},"type":"if","locations":[{"start":{"line":222,"column":4},"end":{"line":222,"column":63}},{"start":{"line":222,"column":4},"end":{"line":222,"column":63}}],"line":222},"8":{"loc":{"start":{"line":234,"column":4},"end":{"line":234,"column":76}},"type":"if","locations":[{"start":{"line":234,"column":4},"end":{"line":234,"column":76}},{"start":{"line":234,"column":4},"end":{"line":234,"column":76}}],"line":234},"9":{"loc":{"start":{"line":242,"column":4},"end":{"line":242,"column":68}},"type":"if","locations":[{"start":{"line":242,"column":4},"end":{"line":242,"column":68}},{"start":{"line":242,"column":4},"end":{"line":242,"column":68}}],"line":242},"10":{"loc":{"start":{"line":251,"column":4},"end":{"line":251,"column":83}},"type":"if","locations":[{"start":{"line":251,"column":4},"end":{"line":251,"column":83}},{"start":{"line":251,"column":4},"end":{"line":251,"column":83}}],"line":251},"11":{"loc":{"start":{"line":261,"column":4},"end":{"line":261,"column":85}},"type":"if","locations":[{"start":{"line":261,"column":4},"end":{"line":261,"column":85}},{"start":{"line":261,"column":4},"end":{"line":261,"column":85}}],"line":261}},"s":{"0":6,"1":6,"2":6,"3":6,"4":6,"5":7,"6":7,"7":7,"8":4,"9":4,"10":3,"11":3,"12":4,"13":19,"14":19,"15":1,"16":18,"17":18,"18":18,"19":18,"20":3,"21":2,"22":7,"23":7,"24":7,"25":2,"26":5,"27":5,"28":4,"29":1,"30":5,"31":6,"32":2,"33":6,"34":5,"35":5,"36":5,"37":5,"38":5,"39":2,"40":3,"41":3,"42":5,"43":5,"44":5,"45":2,"46":8,"47":8,"48":2,"49":6,"50":6,"51":2,"52":4,"53":4,"54":1,"55":3,"56":3,"57":3,"58":0,"59":3,"60":6},"f":{"0":7,"1":19,"2":3,"3":7,"4":6,"5":5,"6":8},"b":{"0":[4,3],"1":[3,1],"2":[1,18],"3":[2,5],"4":[4,1],"5":[2,4],"6":[2,3],"7":[2,3],"8":[2,6],"9":[2,4],"10":[1,3],"11":[0,3]},"_coverageSchema":"1a1c01bbd47fc00a2c39e90264f33305004495a9","hash":"fee0be6e6c06c4c54d83392d0c90669c0c513a52"}
,"C:\\Users\\Kaz\\Desktop\\springboard-cs\\post\\express-jobly\\routes\\_testCommon.js": {"path":"C:\\Users\\Kaz\\Desktop\\springboard-cs\\post\\express-jobly\\routes\\_testCommon.js","statementMap":{"0":{"start":{"line":3,"column":11},"end":{"line":3,"column":30}},"1":{"start":{"line":4,"column":13},"end":{"line":4,"column":38}},"2":{"start":{"line":5,"column":16},"end":{"line":5,"column":44}},"3":{"start":{"line":6,"column":24},"end":{"line":6,"column":52}},"4":{"start":{"line":11,"column":2},"end":{"line":11,"column":38}},"5":{"start":{"line":13,"column":2},"end":{"line":13,"column":42}},"6":{"start":{"line":15,"column":2},"end":{"line":15,"column":37}},"7":{"start":{"line":17,"column":2},"end":{"line":17,"column":45}},"8":{"start":{"line":19,"column":2},"end":{"line":26,"column":9}},"9":{"start":{"line":27,"column":2},"end":{"line":34,"column":9}},"10":{"start":{"line":35,"column":2},"end":{"line":42,"column":9}},"11":{"start":{"line":44,"column":2},"end":{"line":52,"column":3}},"12":{"start":{"line":54,"column":2},"end":{"line":61,"column":5}},"13":{"start":{"line":62,"column":2},"end":{"line":69,"column":5}},"14":{"start":{"line":70,"column":2},"end":{"line":77,"column":5}},"15":{"start":{"line":79,"column":2},"end":{"line":83,"column":35}},"16":{"start":{"line":85,"column":2},"end":{"line":89,"column":23}},"17":{"start":{"line":93,"column":2},"end":{"line":93,"column":26}},"18":{"start":{"line":97,"column":2},"end":{"line":97,"column":29}},"19":{"start":{"line":101,"column":2},"end":{"line":101,"column":17}},"20":{"start":{"line":105,"column":16},"end":{"line":105,"column":62}},"21":{"start":{"line":106,"column":16},"end":{"line":106,"column":63}},"22":{"start":{"line":109,"column":0},"end":{"line":116,"column":2}}},"fnMap":{"0":{"name":"commonBeforeAll","decl":{"start":{"line":9,"column":15},"end":{"line":9,"column":30}},"loc":{"start":{"line":9,"column":33},"end":{"line":90,"column":1}},"line":9},"1":{"name":"commonBeforeEach","decl":{"start":{"line":92,"column":15},"end":{"line":92,"column":31}},"loc":{"start":{"line":92,"column":34},"end":{"line":94,"column":1}},"line":92},"2":{"name":"commonAfterEach","decl":{"start":{"line":96,"column":15},"end":{"line":96,"column":30}},"loc":{"start":{"line":96,"column":33},"end":{"line":98,"column":1}},"line":96},"3":{"name":"commonAfterAll","decl":{"start":{"line":100,"column":15},"end":{"line":100,"column":29}},"loc":{"start":{"line":100,"column":32},"end":{"line":102,"column":1}},"line":100}},"branchMap":{},"s":{"0":4,"1":4,"2":4,"3":4,"4":4,"5":4,"6":4,"7":4,"8":4,"9":4,"10":4,"11":4,"12":4,"13":4,"14":4,"15":4,"16":4,"17":77,"18":77,"19":4,"20":4,"21":4,"22":4},"f":{"0":4,"1":77,"2":77,"3":4},"b":{},"_coverageSchema":"1a1c01bbd47fc00a2c39e90264f33305004495a9","hash":"16222a1dafae5dd0e39f7ab7e18098c4b06628f9"}
,"C:\\Users\\Kaz\\Desktop\\springboard-cs\\post\\express-jobly\\routes\\auth.js": {"path":"C:\\Users\\Kaz\\Desktop\\springboard-cs\\post\\express-jobly\\routes\\auth.js","statementMap":{"0":{"start":{"line":5,"column":19},"end":{"line":5,"column":40}},"1":{"start":{"line":7,"column":13},"end":{"line":7,"column":38}},"2":{"start":{"line":8,"column":16},"end":{"line":8,"column":34}},"3":{"start":{"line":9,"column":15},"end":{"line":9,"column":35}},"4":{"start":{"line":10,"column":24},"end":{"line":10,"column":52}},"5":{"start":{"line":11,"column":23},"end":{"line":11,"column":58}},"6":{"start":{"line":12,"column":27},"end":{"line":12,"column":66}},"7":{"start":{"line":13,"column":28},"end":{"line":13,"column":54}},"8":{"start":{"line":22,"column":0},"end":{"line":37,"column":3}},"9":{"start":{"line":23,"column":2},"end":{"line":36,"column":3}},"10":{"start":{"line":24,"column":22},"end":{"line":24,"column":67}},"11":{"start":{"line":25,"column":4},"end":{"line":28,"column":5}},"12":{"start":{"line":26,"column":19},"end":{"line":26,"column":53}},"13":{"start":{"line":26,"column":45},"end":{"line":26,"column":52}},"14":{"start":{"line":27,"column":6},"end":{"line":27,"column":38}},"15":{"start":{"line":30,"column":35},"end":{"line":30,"column":43}},"16":{"start":{"line":31,"column":17},"end":{"line":31,"column":60}},"17":{"start":{"line":32,"column":18},"end":{"line":32,"column":35}},"18":{"start":{"line":33,"column":4},"end":{"line":33,"column":31}},"19":{"start":{"line":35,"column":4},"end":{"line":35,"column":21}},"20":{"start":{"line":49,"column":0},"end":{"line":63,"column":3}},"21":{"start":{"line":50,"column":2},"end":{"line":62,"column":3}},"22":{"start":{"line":51,"column":22},"end":{"line":51,"column":71}},"23":{"start":{"line":52,"column":4},"end":{"line":55,"column":5}},"24":{"start":{"line":53,"column":19},"end":{"line":53,"column":53}},"25":{"start":{"line":53,"column":45},"end":{"line":53,"column":52}},"26":{"start":{"line":54,"column":6},"end":{"line":54,"column":38}},"27":{"start":{"line":57,"column":20},"end":{"line":57,"column":72}},"28":{"start":{"line":58,"column":18},"end":{"line":58,"column":38}},"29":{"start":{"line":59,"column":4},"end":{"line":59,"column":43}},"30":{"start":{"line":61,"column":4},"end":{"line":61,"column":21}},"31":{"start":{"line":66,"column":0},"end":{"line":66,"column":24}}},"fnMap":{"0":{"name":"(anonymous_0)","decl":{"start":{"line":22,"column":22},"end":{"line":22,"column":23}},"loc":{"start":{"line":22,"column":54},"end":{"line":37,"column":1}},"line":22},"1":{"name":"(anonymous_1)","decl":{"start":{"line":26,"column":40},"end":{"line":26,"column":41}},"loc":{"start":{"line":26,"column":45},"end":{"line":26,"column":52}},"line":26},"2":{"name":"(anonymous_2)","decl":{"start":{"line":49,"column":25},"end":{"line":49,"column":26}},"loc":{"start":{"line":49,"column":57},"end":{"line":63,"column":1}},"line":49},"3":{"name":"(anonymous_3)","decl":{"start":{"line":53,"column":40},"end":{"line":53,"column":41}},"loc":{"start":{"line":53,"column":45},"end":{"line":53,"column":52}},"line":53}},"branchMap":{"0":{"loc":{"start":{"line":25,"column":4},"end":{"line":28,"column":5}},"type":"if","locations":[{"start":{"line":25,"column":4},"end":{"line":28,"column":5}},{"start":{"line":25,"column":4},"end":{"line":28,"column":5}}],"line":25},"1":{"loc":{"start":{"line":52,"column":4},"end":{"line":55,"column":5}},"type":"if","locations":[{"start":{"line":52,"column":4},"end":{"line":55,"column":5}},{"start":{"line":52,"column":4},"end":{"line":55,"column":5}}],"line":52}},"s":{"0":5,"1":5,"2":5,"3":5,"4":5,"5":5,"6":5,"7":5,"8":5,"9":5,"10":5,"11":5,"12":2,"13":2,"14":2,"15":3,"16":3,"17":1,"18":1,"19":4,"20":5,"21":3,"22":3,"23":3,"24":2,"25":5,"26":2,"27":1,"28":1,"29":1,"30":2,"31":5},"f":{"0":5,"1":2,"2":3,"3":5},"b":{"0":[2,3],"1":[2,1]},"_coverageSchema":"1a1c01bbd47fc00a2c39e90264f33305004495a9","hash":"f3b52975a57cd029aa6924f8e0693ece8e291813"}
,"C:\\Users\\Kaz\\Desktop\\springboard-cs\\post\\express-jobly\\routes\\companies.js": {"path":"C:\\Users\\Kaz\\Desktop\\springboard-cs\\post\\express-jobly\\routes\\companies.js","statementMap":{"0":{"start":{"line":5,"column":19},"end":{"line":5,"column":40}},"1":{"start":{"line":6,"column":16},"end":{"line":6,"column":34}},"2":{"start":{"line":8,"column":28},"end":{"line":8,"column":54}},"3":{"start":{"line":9,"column":24},"end":{"line":9,"column":53}},"4":{"start":{"line":10,"column":16},"end":{"line":10,"column":44}},"5":{"start":{"line":12,"column":25},"end":{"line":12,"column":62}},"6":{"start":{"line":13,"column":28},"end":{"line":13,"column":68}},"7":{"start":{"line":15,"column":15},"end":{"line":15,"column":35}},"8":{"start":{"line":27,"column":0},"end":{"line":40,"column":3}},"9":{"start":{"line":28,"column":2},"end":{"line":39,"column":3}},"10":{"start":{"line":29,"column":22},"end":{"line":29,"column":69}},"11":{"start":{"line":30,"column":4},"end":{"line":33,"column":5}},"12":{"start":{"line":31,"column":19},"end":{"line":31,"column":53}},"13":{"start":{"line":31,"column":45},"end":{"line":31,"column":52}},"14":{"start":{"line":32,"column":6},"end":{"line":32,"column":38}},"15":{"start":{"line":35,"column":20},"end":{"line":35,"column":50}},"16":{"start":{"line":36,"column":4},"end":{"line":36,"column":45}},"17":{"start":{"line":38,"column":4},"end":{"line":38,"column":21}},"18":{"start":{"line":53,"column":0},"end":{"line":64,"column":3}},"19":{"start":{"line":54,"column":2},"end":{"line":63,"column":3}},"20":{"start":{"line":55,"column":4},"end":{"line":58,"column":5}},"21":{"start":{"line":56,"column":24},"end":{"line":56,"column":108}},"22":{"start":{"line":57,"column":6},"end":{"line":57,"column":37}},"23":{"start":{"line":59,"column":22},"end":{"line":59,"column":45}},"24":{"start":{"line":60,"column":4},"end":{"line":60,"column":35}},"25":{"start":{"line":62,"column":4},"end":{"line":62,"column":21}},"26":{"start":{"line":74,"column":0},"end":{"line":81,"column":3}},"27":{"start":{"line":75,"column":2},"end":{"line":80,"column":3}},"28":{"start":{"line":76,"column":20},"end":{"line":76,"column":56}},"29":{"start":{"line":77,"column":4},"end":{"line":77,"column":29}},"30":{"start":{"line":79,"column":4},"end":{"line":79,"column":21}},"31":{"start":{"line":94,"column":0},"end":{"line":107,"column":3}},"32":{"start":{"line":95,"column":2},"end":{"line":106,"column":3}},"33":{"start":{"line":96,"column":22},"end":{"line":96,"column":72}},"34":{"start":{"line":97,"column":4},"end":{"line":100,"column":5}},"35":{"start":{"line":98,"column":19},"end":{"line":98,"column":53}},"36":{"start":{"line":98,"column":45},"end":{"line":98,"column":52}},"37":{"start":{"line":99,"column":6},"end":{"line":99,"column":38}},"38":{"start":{"line":102,"column":20},"end":{"line":102,"column":69}},"39":{"start":{"line":103,"column":4},"end":{"line":103,"column":33}},"40":{"start":{"line":105,"column":4},"end":{"line":105,"column":21}},"41":{"start":{"line":114,"column":0},"end":{"line":121,"column":3}},"42":{"start":{"line":115,"column":2},"end":{"line":120,"column":3}},"43":{"start":{"line":116,"column":4},"end":{"line":116,"column":44}},"44":{"start":{"line":117,"column":4},"end":{"line":117,"column":52}},"45":{"start":{"line":119,"column":4},"end":{"line":119,"column":21}},"46":{"start":{"line":124,"column":0},"end":{"line":124,"column":24}}},"fnMap":{"0":{"name":"(anonymous_0)","decl":{"start":{"line":27,"column":30},"end":{"line":27,"column":31}},"loc":{"start":{"line":27,"column":62},"end":{"line":40,"column":1}},"line":27},"1":{"name":"(anonymous_1)","decl":{"start":{"line":31,"column":40},"end":{"line":31,"column":41}},"loc":{"start":{"line":31,"column":45},"end":{"line":31,"column":52}},"line":31},"2":{"name":"(anonymous_2)","decl":{"start":{"line":53,"column":16},"end":{"line":53,"column":17}},"loc":{"start":{"line":53,"column":48},"end":{"line":64,"column":1}},"line":53},"3":{"name":"(anonymous_3)","decl":{"start":{"line":74,"column":23},"end":{"line":74,"column":24}},"loc":{"start":{"line":74,"column":55},"end":{"line":81,"column":1}},"line":74},"4":{"name":"(anonymous_4)","decl":{"start":{"line":94,"column":38},"end":{"line":94,"column":39}},"loc":{"start":{"line":94,"column":70},"end":{"line":107,"column":1}},"line":94},"5":{"name":"(anonymous_5)","decl":{"start":{"line":98,"column":40},"end":{"line":98,"column":41}},"loc":{"start":{"line":98,"column":45},"end":{"line":98,"column":52}},"line":98},"6":{"name":"(anonymous_6)","decl":{"start":{"line":114,"column":39},"end":{"line":114,"column":40}},"loc":{"start":{"line":114,"column":71},"end":{"line":121,"column":1}},"line":114}},"branchMap":{"0":{"loc":{"start":{"line":30,"column":4},"end":{"line":33,"column":5}},"type":"if","locations":[{"start":{"line":30,"column":4},"end":{"line":33,"column":5}},{"start":{"line":30,"column":4},"end":{"line":33,"column":5}}],"line":30},"1":{"loc":{"start":{"line":55,"column":4},"end":{"line":58,"column":5}},"type":"if","locations":[{"start":{"line":55,"column":4},"end":{"line":58,"column":5}},{"start":{"line":55,"column":4},"end":{"line":58,"column":5}}],"line":55},"2":{"loc":{"start":{"line":97,"column":4},"end":{"line":100,"column":5}},"type":"if","locations":[{"start":{"line":97,"column":4},"end":{"line":100,"column":5}},{"start":{"line":97,"column":4},"end":{"line":100,"column":5}}],"line":97}},"s":{"0":5,"1":5,"2":5,"3":5,"4":5,"5":5,"6":5,"7":5,"8":5,"9":3,"10":3,"11":3,"12":2,"13":3,"14":2,"15":1,"16":1,"17":2,"18":5,"19":3,"20":3,"21":1,"22":1,"23":2,"24":1,"25":1,"26":5,"27":4,"28":4,"29":2,"30":2,"31":5,"32":4,"33":4,"34":4,"35":2,"36":2,"37":2,"38":2,"39":1,"40":3,"41":5,"42":2,"43":2,"44":1,"45":1,"46":5},"f":{"0":3,"1":3,"2":3,"3":4,"4":4,"5":2,"6":2},"b":{"0":[2,1],"1":[1,2],"2":[2,2]},"_coverageSchema":"1a1c01bbd47fc00a2c39e90264f33305004495a9","hash":"1e8ba9d31ba9405309173def54cfce9acc81be93"}
,"C:\\Users\\Kaz\\Desktop\\springboard-cs\\post\\express-jobly\\routes\\jobs.js": {"path":"C:\\Users\\Kaz\\Desktop\\springboard-cs\\post\\express-jobly\\routes\\jobs.js","statementMap":{"0":{"start":{"line":3,"column":19},"end":{"line":3,"column":40}},"1":{"start":{"line":4,"column":16},"end":{"line":4,"column":34}},"2":{"start":{"line":6,"column":28},"end":{"line":6,"column":54}},"3":{"start":{"line":7,"column":24},"end":{"line":7,"column":53}},"4":{"start":{"line":8,"column":12},"end":{"line":8,"column":36}},"5":{"start":{"line":10,"column":21},"end":{"line":10,"column":54}},"6":{"start":{"line":11,"column":24},"end":{"line":11,"column":60}},"7":{"start":{"line":13,"column":15},"end":{"line":13,"column":35}},"8":{"start":{"line":20,"column":0},"end":{"line":33,"column":3}},"9":{"start":{"line":21,"column":2},"end":{"line":32,"column":3}},"10":{"start":{"line":22,"column":22},"end":{"line":22,"column":65}},"11":{"start":{"line":23,"column":4},"end":{"line":26,"column":5}},"12":{"start":{"line":24,"column":19},"end":{"line":24,"column":53}},"13":{"start":{"line":24,"column":45},"end":{"line":24,"column":52}},"14":{"start":{"line":25,"column":6},"end":{"line":25,"column":38}},"15":{"start":{"line":28,"column":16},"end":{"line":28,"column":42}},"16":{"start":{"line":29,"column":4},"end":{"line":29,"column":41}},"17":{"start":{"line":31,"column":4},"end":{"line":31,"column":18}},"18":{"start":{"line":43,"column":1},"end":{"line":54,"column":3}},"19":{"start":{"line":44,"column":2},"end":{"line":53,"column":3}},"20":{"start":{"line":45,"column":4},"end":{"line":48,"column":5}},"21":{"start":{"line":46,"column":19},"end":{"line":46,"column":94}},"22":{"start":{"line":47,"column":6},"end":{"line":47,"column":32}},"23":{"start":{"line":49,"column":17},"end":{"line":49,"column":36}},"24":{"start":{"line":50,"column":4},"end":{"line":50,"column":30}},"25":{"start":{"line":52,"column":4},"end":{"line":52,"column":19}},"26":{"start":{"line":58,"column":0},"end":{"line":65,"column":3}},"27":{"start":{"line":59,"column":2},"end":{"line":64,"column":3}},"28":{"start":{"line":60,"column":16},"end":{"line":60,"column":44}},"29":{"start":{"line":61,"column":4},"end":{"line":61,"column":27}},"30":{"start":{"line":63,"column":4},"end":{"line":63,"column":19}},"31":{"start":{"line":68,"column":0},"end":{"line":81,"column":3}},"32":{"start":{"line":69,"column":2},"end":{"line":80,"column":3}},"33":{"start":{"line":70,"column":22},"end":{"line":70,"column":68}},"34":{"start":{"line":71,"column":4},"end":{"line":74,"column":5}},"35":{"start":{"line":72,"column":19},"end":{"line":72,"column":53}},"36":{"start":{"line":72,"column":45},"end":{"line":72,"column":52}},"37":{"start":{"line":73,"column":6},"end":{"line":73,"column":38}},"38":{"start":{"line":76,"column":16},"end":{"line":76,"column":57}},"39":{"start":{"line":77,"column":4},"end":{"line":77,"column":26}},"40":{"start":{"line":79,"column":4},"end":{"line":79,"column":21}},"41":{"start":{"line":85,"column":0},"end":{"line":92,"column":3}},"42":{"start":{"line":86,"column":2},"end":{"line":91,"column":3}},"43":{"start":{"line":87,"column":4},"end":{"line":87,"column":36}},"44":{"start":{"line":88,"column":4},"end":{"line":88,"column":47}},"45":{"start":{"line":90,"column":4},"end":{"line":90,"column":19}},"46":{"start":{"line":94,"column":0},"end":{"line":94,"column":24}}},"fnMap":{"0":{"name":"(anonymous_0)","decl":{"start":{"line":20,"column":30},"end":{"line":20,"column":31}},"loc":{"start":{"line":20,"column":56},"end":{"line":33,"column":1}},"line":20},"1":{"name":"(anonymous_1)","decl":{"start":{"line":24,"column":40},"end":{"line":24,"column":41}},"loc":{"start":{"line":24,"column":45},"end":{"line":24,"column":52}},"line":24},"2":{"name":"(anonymous_2)","decl":{"start":{"line":43,"column":17},"end":{"line":43,"column":18}},"loc":{"start":{"line":43,"column":49},"end":{"line":54,"column":1}},"line":43},"3":{"name":"(anonymous_3)","decl":{"start":{"line":58,"column":19},"end":{"line":58,"column":20}},"loc":{"start":{"line":58,"column":45},"end":{"line":65,"column":1}},"line":58},"4":{"name":"(anonymous_4)","decl":{"start":{"line":68,"column":34},"end":{"line":68,"column":35}},"loc":{"start":{"line":68,"column":60},"end":{"line":81,"column":1}},"line":68},"5":{"name":"(anonymous_5)","decl":{"start":{"line":72,"column":40},"end":{"line":72,"column":41}},"loc":{"start":{"line":72,"column":45},"end":{"line":72,"column":52}},"line":72},"6":{"name":"(anonymous_6)","decl":{"start":{"line":85,"column":35},"end":{"line":85,"column":36}},"loc":{"start":{"line":85,"column":61},"end":{"line":92,"column":1}},"line":85}},"branchMap":{"0":{"loc":{"start":{"line":23,"column":4},"end":{"line":26,"column":5}},"type":"if","locations":[{"start":{"line":23,"column":4},"end":{"line":26,"column":5}},{"start":{"line":23,"column":4},"end":{"line":26,"column":5}}],"line":23},"1":{"loc":{"start":{"line":45,"column":4},"end":{"line":48,"column":5}},"type":"if","locations":[{"start":{"line":45,"column":4},"end":{"line":48,"column":5}},{"start":{"line":45,"column":4},"end":{"line":48,"column":5}}],"line":45},"2":{"loc":{"start":{"line":71,"column":4},"end":{"line":74,"column":5}},"type":"if","locations":[{"start":{"line":71,"column":4},"end":{"line":74,"column":5}},{"start":{"line":71,"column":4},"end":{"line":74,"column":5}}],"line":71}},"s":{"0":5,"1":5,"2":5,"3":5,"4":5,"5":5,"6":5,"7":5,"8":5,"9":3,"10":3,"11":3,"12":2,"13":5,"14":2,"15":1,"16":1,"17":2,"18":5,"19":2,"20":2,"21":1,"22":1,"23":1,"24":1,"25":0,"26":5,"27":1,"28":1,"29":1,"30":0,"31":5,"32":2,"33":2,"34":2,"35":0,"36":0,"37":0,"38":2,"39":1,"40":1,"41":5,"42":2,"43":2,"44":1,"45":1,"46":5},"f":{"0":3,"1":5,"2":2,"3":1,"4":2,"5":0,"6":2},"b":{"0":[2,1],"1":[1,1],"2":[0,2]},"_coverageSchema":"1a1c01bbd47fc00a2c39e90264f33305004495a9","hash":"e66f5ee1675514afdabbdf06d053a379e259eecb"}
,"C:\\Users\\Kaz\\Desktop\\springboard-cs\\post\\express-jobly\\routes\\users.js": {"path":"C:\\Users\\Kaz\\Desktop\\springboard-cs\\post\\express-jobly\\routes\\users.js","statementMap":{"0":{"start":{"line":5,"column":19},"end":{"line":5,"column":40}},"1":{"start":{"line":7,"column":16},"end":{"line":7,"column":34}},"2":{"start":{"line":8,"column":43},"end":{"line":8,"column":72}},"3":{"start":{"line":9,"column":28},"end":{"line":9,"column":54}},"4":{"start":{"line":10,"column":13},"end":{"line":10,"column":38}},"5":{"start":{"line":11,"column":24},"end":{"line":11,"column":52}},"6":{"start":{"line":12,"column":22},"end":{"line":12,"column":56}},"7":{"start":{"line":13,"column":25},"end":{"line":13,"column":62}},"8":{"start":{"line":15,"column":15},"end":{"line":15,"column":31}},"9":{"start":{"line":30,"column":0},"end":{"line":44,"column":3}},"10":{"start":{"line":31,"column":2},"end":{"line":43,"column":3}},"11":{"start":{"line":32,"column":22},"end":{"line":32,"column":66}},"12":{"start":{"line":33,"column":4},"end":{"line":36,"column":5}},"13":{"start":{"line":34,"column":19},"end":{"line":34,"column":53}},"14":{"start":{"line":34,"column":45},"end":{"line":34,"column":52}},"15":{"start":{"line":35,"column":6},"end":{"line":35,"column":38}},"16":{"start":{"line":38,"column":17},"end":{"line":38,"column":46}},"17":{"start":{"line":39,"column":18},"end":{"line":39,"column":35}},"18":{"start":{"line":40,"column":4},"end":{"line":40,"column":49}},"19":{"start":{"line":42,"column":4},"end":{"line":42,"column":21}},"20":{"start":{"line":54,"column":0},"end":{"line":61,"column":3}},"21":{"start":{"line":55,"column":2},"end":{"line":60,"column":3}},"22":{"start":{"line":56,"column":18},"end":{"line":56,"column":38}},"23":{"start":{"line":57,"column":4},"end":{"line":57,"column":31}},"24":{"start":{"line":59,"column":4},"end":{"line":59,"column":21}},"25":{"start":{"line":71,"column":0},"end":{"line":78,"column":3}},"26":{"start":{"line":72,"column":2},"end":{"line":77,"column":3}},"27":{"start":{"line":73,"column":17},"end":{"line":73,"column":52}},"28":{"start":{"line":74,"column":4},"end":{"line":74,"column":26}},"29":{"start":{"line":76,"column":4},"end":{"line":76,"column":21}},"30":{"start":{"line":91,"column":0},"end":{"line":104,"column":3}},"31":{"start":{"line":92,"column":2},"end":{"line":103,"column":3}},"32":{"start":{"line":93,"column":22},"end":{"line":93,"column":69}},"33":{"start":{"line":94,"column":4},"end":{"line":97,"column":5}},"34":{"start":{"line":95,"column":19},"end":{"line":95,"column":53}},"35":{"start":{"line":95,"column":45},"end":{"line":95,"column":52}},"36":{"start":{"line":96,"column":6},"end":{"line":96,"column":38}},"37":{"start":{"line":99,"column":17},"end":{"line":99,"column":65}},"38":{"start":{"line":100,"column":4},"end":{"line":100,"column":30}},"39":{"start":{"line":102,"column":4},"end":{"line":102,"column":21}},"40":{"start":{"line":112,"column":0},"end":{"line":119,"column":3}},"41":{"start":{"line":113,"column":2},"end":{"line":118,"column":3}},"42":{"start":{"line":114,"column":4},"end":{"line":114,"column":43}},"43":{"start":{"line":115,"column":4},"end":{"line":115,"column":54}},"44":{"start":{"line":117,"column":4},"end":{"line":117,"column":21}},"45":{"start":{"line":122,"column":0},"end":{"line":129,"column":2}},"46":{"start":{"line":123,"column":2},"end":{"line":128,"column":3}},"47":{"start":{"line":124,"column":16},"end":{"line":124,"column":68}},"48":{"start":{"line":125,"column":4},"end":{"line":125,"column":41}},"49":{"start":{"line":127,"column":4},"end":{"line":127,"column":19}},"50":{"start":{"line":132,"column":0},"end":{"line":132,"column":24}}},"fnMap":{"0":{"name":"(anonymous_0)","decl":{"start":{"line":30,"column":30},"end":{"line":30,"column":31}},"loc":{"start":{"line":30,"column":62},"end":{"line":44,"column":1}},"line":30},"1":{"name":"(anonymous_1)","decl":{"start":{"line":34,"column":40},"end":{"line":34,"column":41}},"loc":{"start":{"line":34,"column":45},"end":{"line":34,"column":52}},"line":34},"2":{"name":"(anonymous_2)","decl":{"start":{"line":54,"column":29},"end":{"line":54,"column":30}},"loc":{"start":{"line":54,"column":61},"end":{"line":61,"column":1}},"line":54},"3":{"name":"(anonymous_3)","decl":{"start":{"line":71,"column":44},"end":{"line":71,"column":45}},"loc":{"start":{"line":71,"column":76},"end":{"line":78,"column":1}},"line":71},"4":{"name":"(anonymous_4)","decl":{"start":{"line":91,"column":46},"end":{"line":91,"column":47}},"loc":{"start":{"line":91,"column":78},"end":{"line":104,"column":1}},"line":91},"5":{"name":"(anonymous_5)","decl":{"start":{"line":95,"column":40},"end":{"line":95,"column":41}},"loc":{"start":{"line":95,"column":45},"end":{"line":95,"column":52}},"line":95},"6":{"name":"(anonymous_6)","decl":{"start":{"line":112,"column":47},"end":{"line":112,"column":48}},"loc":{"start":{"line":112,"column":79},"end":{"line":119,"column":1}},"line":112},"7":{"name":"(anonymous_7)","decl":{"start":{"line":122,"column":54},"end":{"line":122,"column":55}},"loc":{"start":{"line":122,"column":80},"end":{"line":129,"column":1}},"line":122}},"branchMap":{"0":{"loc":{"start":{"line":33,"column":4},"end":{"line":36,"column":5}},"type":"if","locations":[{"start":{"line":33,"column":4},"end":{"line":36,"column":5}},{"start":{"line":33,"column":4},"end":{"line":36,"column":5}}],"line":33},"1":{"loc":{"start":{"line":94,"column":4},"end":{"line":97,"column":5}},"type":"if","locations":[{"start":{"line":94,"column":4},"end":{"line":97,"column":5}},{"start":{"line":94,"column":4},"end":{"line":97,"column":5}}],"line":94}},"s":{"0":5,"1":5,"2":5,"3":5,"4":5,"5":5,"6":5,"7":5,"8":5,"9":5,"10":4,"11":4,"12":4,"13":2,"14":5,"15":2,"16":2,"17":2,"18":2,"19":2,"20":5,"21":2,"22":2,"23":1,"24":1,"25":5,"26":5,"27":5,"28":4,"29":1,"30":5,"31":3,"32":3,"33":3,"34":1,"35":1,"36":1,"37":2,"38":1,"39":2,"40":5,"41":3,"42":3,"43":2,"44":1,"45":5,"46":4,"47":4,"48":2,"49":2,"50":5},"f":{"0":4,"1":5,"2":2,"3":5,"4":3,"5":1,"6":3,"7":4},"b":{"0":[2,2],"1":[1,2]},"_coverageSchema":"1a1c01bbd47fc00a2c39e90264f33305004495a9","hash":"1403b6f8a5a7d2060d37ea2e93fa0b2e6b62b3fd"}
}
