TN:
SF:app.js
FN:32,(anonymous_0)
FN:37,(anonymous_1)
FNF:2
FNH:2
FNDA:2,(anonymous_0)
FNDA:52,(anonymous_1)
DA:5,5
DA:6,5
DA:8,5
DA:10,5
DA:11,5
DA:12,5
DA:13,5
DA:14,5
DA:16,5
DA:18,5
DA:20,5
DA:21,5
DA:22,5
DA:23,5
DA:25,5
DA:26,5
DA:27,5
DA:28,5
DA:32,5
DA:33,2
DA:37,5
DA:38,52
DA:39,52
DA:40,52
DA:42,52
DA:47,5
LF:26
LH:26
BRDA:38,0,0,1
BRDA:38,0,1,51
BRDA:39,1,0,52
BRDA:39,1,1,2
BRF:4
BRH:4
end_of_record
TN:
SF:config.js
FN:13,getDatabaseUri
FNF:1
FNH:1
FNDA:24,getDatabaseUri
DA:5,12
DA:6,12
DA:8,12
DA:10,12
DA:14,24
DA:22,12
DA:24,12
DA:25,12
DA:26,12
DA:27,12
DA:28,12
DA:29,12
DA:31,12
LF:13
LH:13
BRDA:8,0,0,12
BRDA:8,0,1,11
BRDA:10,1,0,12
BRDA:10,1,1,11
BRDA:14,2,0,21
BRDA:14,2,1,3
BRDA:16,3,0,3
BRDA:16,3,1,1
BRDA:22,4,0,11
BRDA:22,4,1,1
BRF:10
BRH:10
end_of_record
TN:
SF:db.js
FNF:0
FNH:0
DA:3,9
DA:4,9
DA:8,9
DA:9,0
DA:16,9
DA:21,9
DA:23,9
LF:7
LH:6
BRDA:8,0,0,0
BRDA:8,0,1,9
BRF:2
BRH:1
end_of_record
TN:
SF:expressError.js
FN:8,(anonymous_0)
FN:18,(anonymous_1)
FN:26,(anonymous_2)
FN:34,(anonymous_3)
FN:42,(anonymous_4)
FNF:5
FNH:4
FNDA:79,(anonymous_0)
FNDA:27,(anonymous_1)
FNDA:31,(anonymous_2)
FNDA:20,(anonymous_3)
FNDA:0,(anonymous_4)
DA:9,79
DA:10,79
DA:11,79
DA:19,27
DA:27,31
DA:35,20
DA:43,0
DA:47,10
LF:8
LH:7
BRDA:18,0,0,2
BRDA:26,1,0,27
BRDA:34,2,0,0
BRDA:42,3,0,0
BRF:4
BRH:2
end_of_record
TN:
SF:helpers\sql.js
FN:7,sqlForPartialUpdate
FN:12,(anonymous_1)
FNF:2
FNH:2
FNDA:19,sqlForPartialUpdate
FNDA:35,(anonymous_1)
DA:1,9
DA:8,19
DA:9,19
DA:12,16
DA:13,35
DA:16,16
DA:22,9
LF:7
LH:7
BRDA:9,0,0,3
BRDA:9,0,1,16
BRDA:13,1,0,35
BRDA:13,1,1,23
BRF:4
BRH:4
end_of_record
TN:
SF:helpers\tokens.js
FN:6,createToken
FNF:1
FNH:1
FNDA:15,createToken
DA:1,6
DA:2,6
DA:7,15
DA:10,15
DA:15,15
DA:18,6
LF:6
LH:6
BRDA:12,0,0,15
BRDA:12,0,1,8
BRF:2
BRH:2
end_of_record
TN:
SF:middleware\auth.js
FN:18,authenticateJWT
FN:36,ensureLoggedIn
FN:50,ensureAdmin
FN:62,ensureUserOrAdmin
FNF:4
FNH:4
FNDA:82,authenticateJWT
FNDA:2,ensureLoggedIn
FNDA:40,ensureAdmin
FNDA:26,ensureUserOrAdmin
DA:5,6
DA:6,6
DA:7,6
DA:19,82
DA:20,82
DA:21,82
DA:22,51
DA:23,51
DA:25,81
DA:27,1
DA:37,2
DA:38,2
DA:39,1
DA:41,1
DA:51,40
DA:52,40
DA:53,32
DA:54,23
DA:56,17
DA:63,26
DA:64,26
DA:65,21
DA:66,4
DA:68,9
DA:73,6
LF:25
LH:25
BRDA:20,0,0,82
BRDA:20,0,1,81
BRDA:21,1,0,51
BRDA:21,1,1,31
BRDA:38,2,0,1
BRDA:38,2,1,1
BRDA:52,3,0,8
BRDA:52,3,1,32
BRDA:53,4,0,9
BRDA:53,4,1,23
BRDA:64,5,0,5
BRDA:64,5,1,21
BRDA:65,6,0,17
BRDA:65,6,1,4
BRDA:65,7,0,21
BRDA:65,7,1,13
BRF:16
BRH:16
end_of_record
TN:
SF:models\_testCommon.js
FN:6,commonBeforeAll
FN:49,commonBeforeEach
FN:53,commonAfterEach
FN:57,commonAfterAll
FNF:4
FNH:4
FNDA:4,commonBeforeAll
FNDA:63,commonBeforeEach
FNDA:63,commonAfterEach
FNDA:4,commonAfterAll
DA:1,4
DA:3,4
DA:4,4
DA:8,4
DA:10,4
DA:12,4
DA:14,4
DA:16,4
DA:22,4
DA:36,4
DA:42,4
DA:50,63
DA:54,63
DA:58,4
DA:62,4
LF:15
LH:15
BRF:0
BRH:0
end_of_record
TN:
SF:models\company.js
FN:19,(anonymous_0)
FN:52,(anonymous_1)
FN:73,(anonymous_2)
FN:159,(anonymous_3)
FN:209,(anonymous_4)
FN:239,(anonymous_5)
FNF:6
FNH:6
FNDA:20,(anonymous_0)
FNDA:3,(anonymous_1)
FNDA:11,(anonymous_2)
FNDA:7,(anonymous_3)
FNDA:6,(anonymous_4)
FNDA:4,(anonymous_5)
DA:3,7
DA:4,7
DA:5,7
DA:20,20
DA:26,20
DA:27,1
DA:29,19
DA:42,19
DA:44,19
DA:53,3
DA:61,2
DA:74,11
DA:75,1
DA:77,10
DA:78,1
DA:84,1
DA:85,1
DA:87,9
DA:88,1
DA:94,1
DA:95,1
DA:97,8
DA:98,1
DA:99,1
DA:105,1
DA:106,1
DA:108,7
DA:109,1
DA:115,1
DA:116,1
DA:118,6
DA:119,1
DA:126,1
DA:127,1
DA:129,5
DA:130,2
DA:137,2
DA:138,2
DA:140,3
DA:147,3
DA:148,1
DA:160,7
DA:171,7
DA:183,6
DA:185,3
DA:187,3
DA:188,1
DA:190,2
DA:192,3
DA:210,6
DA:216,5
DA:218,5
DA:226,5
DA:227,5
DA:229,5
DA:231,3
DA:240,4
DA:246,4
DA:248,4
DA:253,7
LF:60
LH:60
BRDA:26,0,0,1
BRDA:26,0,1,19
BRDA:74,1,0,1
BRDA:74,1,1,10
BRDA:77,2,0,1
BRDA:77,2,1,9
BRDA:77,3,0,10
BRDA:77,3,1,3
BRDA:84,4,0,0
BRDA:84,4,1,1
BRDA:87,5,0,1
BRDA:87,5,1,8
BRDA:87,6,0,9
BRDA:87,6,1,2
BRDA:94,7,0,0
BRDA:94,7,1,1
BRDA:97,8,0,1
BRDA:97,8,1,7
BRDA:97,9,0,8
BRDA:97,9,1,2
BRDA:105,10,0,0
BRDA:105,10,1,1
BRDA:108,11,0,1
BRDA:108,11,1,6
BRDA:115,12,0,0
BRDA:115,12,1,1
BRDA:118,13,0,1
BRDA:118,13,1,5
BRDA:126,14,0,0
BRDA:126,14,1,1
BRDA:129,15,0,2
BRDA:129,15,1,3
BRDA:137,16,0,0
BRDA:137,16,1,2
BRDA:147,17,0,2
BRDA:147,17,1,1
BRDA:183,18,0,3
BRDA:183,18,1,3
BRDA:187,19,0,1
BRDA:187,19,1,2
BRDA:229,20,0,2
BRDA:229,20,1,3
BRDA:248,21,0,2
BRDA:248,21,1,2
BRF:44
BRH:38
end_of_record
TN:
SF:models\job.js
FN:15,(anonymous_0)
FN:39,(anonymous_1)
FN:49,(anonymous_2)
FN:118,(anonymous_3)
FN:130,(anonymous_4)
FN:149,(anonymous_5)
FNF:6
FNH:6
FNDA:4,(anonymous_0)
FNDA:2,(anonymous_1)
FNDA:12,(anonymous_2)
FNDA:3,(anonymous_3)
FNDA:6,(anonymous_4)
FNDA:4,(anonymous_5)
DA:3,6
DA:4,6
DA:5,6
DA:16,4
DA:22,4
DA:24,3
DA:31,3
DA:40,2
DA:44,2
DA:50,12
DA:51,1
DA:55,1
DA:56,1
DA:58,11
DA:59,2
DA:64,2
DA:65,2
DA:67,9
DA:68,2
DA:73,2
DA:74,2
DA:76,7
DA:77,1
DA:83,1
DA:84,1
DA:86,6
DA:87,2
DA:93,2
DA:94,1
DA:96,4
DA:97,3
DA:103,3
DA:104,3
DA:106,1
DA:113,1
DA:114,1
DA:119,3
DA:124,3
DA:125,3
DA:126,2
DA:131,6
DA:136,5
DA:138,5
DA:142,5
DA:143,5
DA:144,5
DA:145,3
DA:150,4
DA:156,4
DA:157,4
DA:161,6
LF:51
LH:51
BRDA:22,0,0,1
BRDA:22,0,1,3
BRDA:50,1,0,1
BRDA:50,1,1,11
BRDA:50,2,0,12
BRDA:50,2,1,4
BRDA:50,2,2,1
BRDA:55,3,0,0
BRDA:55,3,1,1
BRDA:58,4,0,2
BRDA:58,4,1,9
BRDA:58,5,0,11
BRDA:58,5,1,3
BRDA:58,5,2,2
BRDA:64,6,0,0
BRDA:64,6,1,2
BRDA:67,7,0,2
BRDA:67,7,1,7
BRDA:67,8,0,9
BRDA:67,8,1,4
BRDA:67,8,2,3
BRDA:73,9,0,0
BRDA:73,9,1,2
BRDA:76,10,0,1
BRDA:76,10,1,6
BRDA:76,11,0,7
BRDA:76,11,1,1
BRDA:83,12,0,0
BRDA:83,12,1,1
BRDA:86,13,0,2
BRDA:86,13,1,4
BRDA:86,14,0,6
BRDA:86,14,1,2
BRDA:93,15,0,1
BRDA:93,15,1,1
BRDA:96,16,0,3
BRDA:96,16,1,1
BRDA:96,17,0,4
BRDA:96,17,1,3
BRDA:103,18,0,0
BRDA:103,18,1,3
BRDA:113,19,0,0
BRDA:113,19,1,1
BRDA:125,20,0,1
BRDA:125,20,1,2
BRDA:144,21,0,2
BRDA:144,21,1,3
BRDA:157,22,0,2
BRDA:157,22,1,2
BRF:49
BRH:43
end_of_record
TN:
SF:models\user.js
FN:24,(anonymous_0)
FN:59,(anonymous_1)
FN:104,(anonymous_2)
FN:126,(anonymous_3)
FN:179,(anonymous_4)
FN:212,(anonymous_5)
FN:227,(anonymous_6)
FNF:7
FNH:7
FNDA:7,(anonymous_0)
FNDA:19,(anonymous_1)
FNDA:3,(anonymous_2)
FNDA:7,(anonymous_3)
FNDA:6,(anonymous_4)
FNDA:5,(anonymous_5)
FNDA:8,(anonymous_6)
DA:3,6
DA:4,6
DA:5,6
DA:10,6
DA:12,6
DA:26,7
DA:38,7
DA:40,7
DA:42,4
DA:43,4
DA:44,3
DA:45,3
DA:49,4
DA:61,19
DA:68,19
DA:69,1
DA:72,18
DA:74,18
DA:94,18
DA:96,18
DA:105,3
DA:115,2
DA:127,7
DA:138,7
DA:148,7
DA:150,5
DA:152,5
DA:153,4
DA:155,1
DA:157,5
DA:180,6
DA:181,2
DA:184,6
DA:191,5
DA:193,5
DA:201,5
DA:202,5
DA:204,5
DA:206,3
DA:207,3
DA:213,5
DA:220,5
DA:222,5
DA:228,8
DA:234,8
DA:236,6
DA:242,6
DA:244,4
DA:251,4
DA:253,3
DA:260,3
DA:261,3
DA:262,3
DA:267,6
LF:54
LH:54
BRDA:40,0,0,4
BRDA:40,0,1,3
BRDA:43,1,0,3
BRDA:43,1,1,1
BRDA:68,2,0,1
BRDA:68,2,1,18
BRDA:148,3,0,2
BRDA:148,3,1,5
BRDA:152,4,0,4
BRDA:152,4,1,1
BRDA:180,5,0,2
BRDA:180,5,1,4
BRDA:204,6,0,2
BRDA:204,6,1,3
BRDA:222,7,0,2
BRDA:222,7,1,3
BRDA:234,8,0,2
BRDA:234,8,1,6
BRDA:242,9,0,2
BRDA:242,9,1,4
BRDA:251,10,0,1
BRDA:251,10,1,3
BRDA:261,11,0,0
BRDA:261,11,1,3
BRF:24
BRH:23
end_of_record
TN:
SF:routes\_testCommon.js
FN:9,commonBeforeAll
FN:92,commonBeforeEach
FN:96,commonAfterEach
FN:100,commonAfterAll
FNF:4
FNH:4
FNDA:4,commonBeforeAll
FNDA:77,commonBeforeEach
FNDA:77,commonAfterEach
FNDA:4,commonAfterAll
DA:3,4
DA:4,4
DA:5,4
DA:6,4
DA:11,4
DA:13,4
DA:15,4
DA:17,4
DA:19,4
DA:27,4
DA:35,4
DA:44,4
DA:54,4
DA:62,4
DA:70,4
DA:79,4
DA:85,4
DA:93,77
DA:97,77
DA:101,4
DA:105,4
DA:106,4
DA:109,4
LF:23
LH:23
BRF:0
BRH:0
end_of_record
TN:
SF:routes\auth.js
FN:22,(anonymous_0)
FN:26,(anonymous_1)
FN:49,(anonymous_2)
FN:53,(anonymous_3)
FNF:4
FNH:4
FNDA:5,(anonymous_0)
FNDA:2,(anonymous_1)
FNDA:3,(anonymous_2)
FNDA:5,(anonymous_3)
DA:5,5
DA:7,5
DA:8,5
DA:9,5
DA:10,5
DA:11,5
DA:12,5
DA:13,5
DA:22,5
DA:23,5
DA:24,5
DA:25,5
DA:26,2
DA:27,2
DA:30,3
DA:31,3
DA:32,1
DA:33,1
DA:35,4
DA:49,5
DA:50,3
DA:51,3
DA:52,3
DA:53,5
DA:54,2
DA:57,1
DA:58,1
DA:59,1
DA:61,2
DA:66,5
LF:30
LH:30
BRDA:25,0,0,2
BRDA:25,0,1,3
BRDA:52,1,0,2
BRDA:52,1,1,1
BRF:4
BRH:4
end_of_record
TN:
SF:routes\companies.js
FN:27,(anonymous_0)
FN:31,(anonymous_1)
FN:53,(anonymous_2)
FN:74,(anonymous_3)
FN:94,(anonymous_4)
FN:98,(anonymous_5)
FN:114,(anonymous_6)
FNF:7
FNH:7
FNDA:3,(anonymous_0)
FNDA:3,(anonymous_1)
FNDA:3,(anonymous_2)
FNDA:4,(anonymous_3)
FNDA:4,(anonymous_4)
FNDA:2,(anonymous_5)
FNDA:2,(anonymous_6)
DA:5,5
DA:6,5
DA:8,5
DA:9,5
DA:10,5
DA:12,5
DA:13,5
DA:15,5
DA:27,5
DA:28,3
DA:29,3
DA:30,3
DA:31,3
DA:32,2
DA:35,1
DA:36,1
DA:38,2
DA:53,5
DA:54,3
DA:55,3
DA:56,1
DA:57,1
DA:59,2
DA:60,1
DA:62,1
DA:74,5
DA:75,4
DA:76,4
DA:77,2
DA:79,2
DA:94,5
DA:95,4
DA:96,4
DA:97,4
DA:98,2
DA:99,2
DA:102,2
DA:103,1
DA:105,3
DA:114,5
DA:115,2
DA:116,2
DA:117,1
DA:119,1
DA:124,5
LF:45
LH:45
BRDA:30,0,0,2
BRDA:30,0,1,1
BRDA:55,1,0,1
BRDA:55,1,1,2
BRDA:97,2,0,2
BRDA:97,2,1,2
BRF:6
BRH:6
end_of_record
TN:
SF:routes\jobs.js
FN:20,(anonymous_0)
FN:24,(anonymous_1)
FN:43,(anonymous_2)
FN:58,(anonymous_3)
FN:68,(anonymous_4)
FN:72,(anonymous_5)
FN:85,(anonymous_6)
FNF:7
FNH:6
FNDA:3,(anonymous_0)
FNDA:5,(anonymous_1)
FNDA:2,(anonymous_2)
FNDA:1,(anonymous_3)
FNDA:2,(anonymous_4)
FNDA:0,(anonymous_5)
FNDA:2,(anonymous_6)
DA:3,5
DA:4,5
DA:6,5
DA:7,5
DA:8,5
DA:10,5
DA:11,5
DA:13,5
DA:20,5
DA:21,3
DA:22,3
DA:23,3
DA:24,5
DA:25,2
DA:28,1
DA:29,1
DA:31,2
DA:43,5
DA:44,2
DA:45,2
DA:46,1
DA:47,1
DA:49,1
DA:50,1
DA:52,0
DA:58,5
DA:59,1
DA:60,1
DA:61,1
DA:63,0
DA:68,5
DA:69,2
DA:70,2
DA:71,2
DA:72,0
DA:73,0
DA:76,2
DA:77,1
DA:79,1
DA:85,5
DA:86,2
DA:87,2
DA:88,1
DA:90,1
DA:94,5
LF:45
LH:41
BRDA:23,0,0,2
BRDA:23,0,1,1
BRDA:45,1,0,1
BRDA:45,1,1,1
BRDA:71,2,0,0
BRDA:71,2,1,2
BRF:6
BRH:5
end_of_record
TN:
SF:routes\users.js
FN:30,(anonymous_0)
FN:34,(anonymous_1)
FN:54,(anonymous_2)
FN:71,(anonymous_3)
FN:91,(anonymous_4)
FN:95,(anonymous_5)
FN:112,(anonymous_6)
FN:122,(anonymous_7)
FNF:8
FNH:8
FNDA:4,(anonymous_0)
FNDA:5,(anonymous_1)
FNDA:2,(anonymous_2)
FNDA:5,(anonymous_3)
FNDA:3,(anonymous_4)
FNDA:1,(anonymous_5)
FNDA:3,(anonymous_6)
FNDA:4,(anonymous_7)
DA:5,5
DA:7,5
DA:8,5
DA:9,5
DA:10,5
DA:11,5
DA:12,5
DA:13,5
DA:15,5
DA:30,5
DA:31,4
DA:32,4
DA:33,4
DA:34,5
DA:35,2
DA:38,2
DA:39,2
DA:40,2
DA:42,2
DA:54,5
DA:55,2
DA:56,2
DA:57,1
DA:59,1
DA:71,5
DA:72,5
DA:73,5
DA:74,4
DA:76,1
DA:91,5
DA:92,3
DA:93,3
DA:94,3
DA:95,1
DA:96,1
DA:99,2
DA:100,1
DA:102,2
DA:112,5
DA:113,3
DA:114,3
DA:115,2
DA:117,1
DA:122,5
DA:123,4
DA:124,4
DA:125,2
DA:127,2
DA:132,5
LF:49
LH:49
BRDA:33,0,0,2
BRDA:33,0,1,2
BRDA:94,1,0,1
BRDA:94,1,1,2
BRF:4
BRH:4
end_of_record
